<?xml version="1.0" encoding="UTF-8" standalone="yes"?><!DOCTYPE report PUBLIC "-//JACOCO//DTD Report 1.1//EN" "report.dtd"><report name="jqassistant-c4-plugin"><sessioninfo id="fv-az661-278-a38230f8" start="1721904112729" dump="1721904129306"/><package name="org/jqassistant/plugin/c4"><class name="org/jqassistant/plugin/c4/C4DiagramParser$1" sourcefilename="C4DiagramParser.java"><method name="&lt;init&gt;" desc="(Lorg/jqassistant/plugin/c4/C4DiagramParser;)V" line="35"><counter type="INSTRUCTION" missed="0" covered="6"/><counter type="LINE" missed="0" covered="1"/><counter type="COMPLEXITY" missed="0" covered="1"/><counter type="METHOD" missed="0" covered="1"/></method><method name="syntaxError" desc="(Lorg/antlr/v4/runtime/Recognizer;Ljava/lang/Object;IILjava/lang/String;Lorg/antlr/v4/runtime/RecognitionException;)V" line="38"><counter type="INSTRUCTION" missed="8" covered="0"/><counter type="LINE" missed="1" covered="0"/><counter type="COMPLEXITY" missed="1" covered="0"/><counter type="METHOD" missed="1" covered="0"/></method><counter type="INSTRUCTION" missed="8" covered="6"/><counter type="LINE" missed="1" covered="1"/><counter type="COMPLEXITY" missed="1" covered="1"/><counter type="METHOD" missed="1" covered="1"/><counter type="CLASS" missed="0" covered="1"/></class><class name="org/jqassistant/plugin/c4/C4DiagramScannerPlugin" sourcefilename="C4DiagramScannerPlugin.java"><method name="&lt;init&gt;" desc="()V" line="26"><counter type="INSTRUCTION" missed="0" covered="3"/><counter type="LINE" missed="0" covered="1"/><counter type="COMPLEXITY" missed="0" covered="1"/><counter type="METHOD" missed="0" covered="1"/></method><method name="accepts" desc="(Lcom/buschmais/jqassistant/plugin/common/api/scanner/filesystem/FileResource;Ljava/lang/String;Lcom/buschmais/jqassistant/core/scanner/api/Scope;)Z" line="30"><counter type="INSTRUCTION" missed="18" covered="23"/><counter type="BRANCH" missed="7" covered="3"/><counter type="LINE" missed="7" covered="6"/><counter type="COMPLEXITY" missed="5" covered="1"/><counter type="METHOD" missed="0" covered="1"/></method><method name="scan" desc="(Lcom/buschmais/jqassistant/plugin/common/api/scanner/filesystem/FileResource;Ljava/lang/String;Lcom/buschmais/jqassistant/core/scanner/api/Scope;Lcom/buschmais/jqassistant/core/scanner/api/Scanner;)Lorg/jqassistant/plugin/c4/model/C4Descriptor;" line="51"><counter type="INSTRUCTION" missed="0" covered="43"/><counter type="LINE" missed="0" covered="8"/><counter type="COMPLEXITY" missed="0" covered="1"/><counter type="METHOD" missed="0" covered="1"/></method><method name="&lt;clinit&gt;" desc="()V" line="25"><counter type="INSTRUCTION" missed="0" covered="4"/><counter type="LINE" missed="0" covered="1"/><counter type="COMPLEXITY" missed="0" covered="1"/><counter type="METHOD" missed="0" covered="1"/></method><counter type="INSTRUCTION" missed="18" covered="73"/><counter type="BRANCH" missed="7" covered="3"/><counter type="LINE" missed="7" covered="16"/><counter type="COMPLEXITY" missed="5" covered="4"/><counter type="METHOD" missed="0" covered="4"/><counter type="CLASS" missed="0" covered="1"/></class><class name="org/jqassistant/plugin/c4/C4DiagramPersister" sourcefilename="C4DiagramPersister.java"><method name="persist" desc="(Lorg/jqassistant/plugin/c4/data/C4Diagram;)Lorg/jqassistant/plugin/c4/model/C4DiagramDescriptor;" line="49"><counter type="INSTRUCTION" missed="0" covered="23"/><counter type="LINE" missed="0" covered="5"/><counter type="COMPLEXITY" missed="0" covered="1"/><counter type="METHOD" missed="0" covered="1"/></method><method name="persistElements" desc="(Lorg/jqassistant/plugin/c4/model/C4DiagramDescriptor;Ljava/util/List;)Ljava/util/Map;" line="58"><counter type="INSTRUCTION" missed="26" covered="80"/><counter type="BRANCH" missed="7" covered="11"/><counter type="LINE" missed="5" covered="17"/><counter type="COMPLEXITY" missed="5" covered="5"/><counter type="METHOD" missed="0" covered="1"/></method><method name="persistRelations" desc="(Ljava/util/Map;Ljava/util/List;)V" line="89"><counter type="INSTRUCTION" missed="0" covered="65"/><counter type="BRANCH" missed="2" covered="4"/><counter type="LINE" missed="0" covered="8"/><counter type="COMPLEXITY" missed="2" covered="2"/><counter type="METHOD" missed="0" covered="1"/></method><method name="createElement" desc="(Lorg/jqassistant/plugin/c4/model/C4DiagramDescriptor;Lorg/jqassistant/plugin/c4/data/AbstractElement;)Lorg/jqassistant/plugin/c4/model/ElementDescriptor;" line="100"><counter type="INSTRUCTION" missed="2" covered="118"/><counter type="BRANCH" missed="2" covered="10"/><counter type="LINE" missed="1" covered="24"/><counter type="COMPLEXITY" missed="2" covered="5"/><counter type="METHOD" missed="0" covered="1"/></method><method name="&lt;init&gt;" desc="(Lcom/buschmais/jqassistant/core/store/api/Store;)V" line="33"><counter type="INSTRUCTION" missed="0" covered="6"/><counter type="LINE" missed="0" covered="1"/><counter type="COMPLEXITY" missed="0" covered="1"/><counter type="METHOD" missed="0" covered="1"/></method><method name="&lt;clinit&gt;" desc="()V" line="34"><counter type="INSTRUCTION" missed="0" covered="4"/><counter type="LINE" missed="0" covered="1"/><counter type="COMPLEXITY" missed="0" covered="1"/><counter type="METHOD" missed="0" covered="1"/></method><counter type="INSTRUCTION" missed="28" covered="296"/><counter type="BRANCH" missed="11" covered="25"/><counter type="LINE" missed="6" covered="56"/><counter type="COMPLEXITY" missed="9" covered="15"/><counter type="METHOD" missed="0" covered="6"/><counter type="CLASS" missed="0" covered="1"/></class><class name="org/jqassistant/plugin/c4/C4ParseListener" sourcefilename="C4ParseListener.java"><method name="&lt;init&gt;" desc="()V" line="27"><counter type="INSTRUCTION" missed="0" covered="23"/><counter type="LINE" missed="0" covered="5"/><counter type="COMPLEXITY" missed="0" covered="1"/><counter type="METHOD" missed="0" covered="1"/></method><method name="exitC4" desc="(Lorg/jqassistant/plugin/c4/antlr/C4Parser$C4Context;)V" line="41"><counter type="INSTRUCTION" missed="0" covered="7"/><counter type="LINE" missed="0" covered="2"/><counter type="COMPLEXITY" missed="0" covered="1"/><counter type="METHOD" missed="0" covered="1"/></method><method name="enterHierarchy" desc="(Lorg/jqassistant/plugin/c4/antlr/C4Parser$HierarchyContext;)V" line="46"><counter type="INSTRUCTION" missed="0" covered="14"/><counter type="LINE" missed="0" covered="2"/><counter type="COMPLEXITY" missed="0" covered="1"/><counter type="METHOD" missed="0" covered="1"/></method><method name="exitHierarchy" desc="(Lorg/jqassistant/plugin/c4/antlr/C4Parser$HierarchyContext;)V" line="51"><counter type="INSTRUCTION" missed="0" covered="10"/><counter type="LINE" missed="0" covered="2"/><counter type="COMPLEXITY" missed="0" covered="1"/><counter type="METHOD" missed="0" covered="1"/></method><method name="exitAddProperty" desc="(Lorg/jqassistant/plugin/c4/antlr/C4Parser$AddPropertyContext;)V" line="56"><counter type="INSTRUCTION" missed="0" covered="13"/><counter type="LINE" missed="0" covered="2"/><counter type="COMPLEXITY" missed="0" covered="1"/><counter type="METHOD" missed="0" covered="1"/></method><method name="exitComponent" desc="(Lorg/jqassistant/plugin/c4/antlr/C4Parser$ComponentContext;)V" line="61"><counter type="INSTRUCTION" missed="0" covered="47"/><counter type="BRANCH" missed="0" covered="2"/><counter type="LINE" missed="0" covered="10"/><counter type="COMPLEXITY" missed="0" covered="2"/><counter type="METHOD" missed="0" covered="1"/></method><method name="exitContainer" desc="(Lorg/jqassistant/plugin/c4/antlr/C4Parser$ContainerContext;)V" line="77"><counter type="INSTRUCTION" missed="12" covered="35"/><counter type="BRANCH" missed="1" covered="1"/><counter type="LINE" missed="1" covered="9"/><counter type="COMPLEXITY" missed="1" covered="1"/><counter type="METHOD" missed="0" covered="1"/></method><method name="exitSystem" desc="(Lorg/jqassistant/plugin/c4/antlr/C4Parser$SystemContext;)V" line="94"><counter type="INSTRUCTION" missed="0" covered="47"/><counter type="BRANCH" missed="0" covered="2"/><counter type="LINE" missed="0" covered="10"/><counter type="COMPLEXITY" missed="0" covered="2"/><counter type="METHOD" missed="0" covered="1"/></method><method name="exitPerson" desc="(Lorg/jqassistant/plugin/c4/antlr/C4Parser$PersonContext;)V" line="111"><counter type="INSTRUCTION" missed="12" covered="31"/><counter type="BRANCH" missed="1" covered="1"/><counter type="LINE" missed="1" covered="8"/><counter type="COMPLEXITY" missed="1" covered="1"/><counter type="METHOD" missed="0" covered="1"/></method><method name="exitBoundary" desc="(Lorg/jqassistant/plugin/c4/antlr/C4Parser$BoundaryContext;)V" line="129"><counter type="INSTRUCTION" missed="0" covered="45"/><counter type="BRANCH" missed="0" covered="4"/><counter type="LINE" missed="0" covered="10"/><counter type="COMPLEXITY" missed="0" covered="3"/><counter type="METHOD" missed="0" covered="1"/></method><method name="processParameters" desc="(Lorg/jqassistant/plugin/c4/data/Boundary$BoundaryBuilder;Lorg/jqassistant/plugin/c4/antlr/C4Parser$BoundaryParamListContext;)V" line="146"><counter type="INSTRUCTION" missed="16" covered="79"/><counter type="BRANCH" missed="10" covered="12"/><counter type="LINE" missed="2" covered="14"/><counter type="COMPLEXITY" missed="9" covered="3"/><counter type="METHOD" missed="0" covered="1"/></method><method name="processParameters" desc="(Lorg/jqassistant/plugin/c4/data/Boundary$BoundaryBuilder;Lorg/jqassistant/plugin/c4/antlr/C4Parser$GenericBoundaryParamListContext;)V" line="172"><counter type="INSTRUCTION" missed="26" covered="92"/><counter type="BRANCH" missed="15" covered="13"/><counter type="LINE" missed="3" covered="17"/><counter type="COMPLEXITY" missed="14" covered="1"/><counter type="METHOD" missed="0" covered="1"/></method><method name="processParameters" desc="(Lorg/jqassistant/plugin/c4/data/AbstractBuildingBlock$AbstractBuildingBlockBuilder;Lorg/jqassistant/plugin/c4/antlr/C4Parser$ParamListContext;)Lorg/jqassistant/plugin/c4/data/AbstractBuildingBlock;" line="204"><counter type="INSTRUCTION" missed="14" covered="146"/><counter type="BRANCH" missed="11" covered="27"/><counter type="LINE" missed="2" covered="25"/><counter type="COMPLEXITY" missed="10" covered="10"/><counter type="METHOD" missed="0" covered="1"/></method><method name="processParameters" desc="(Lorg/jqassistant/plugin/c4/data/AbstractBuildingBlock$AbstractBuildingBlockBuilder;Lorg/jqassistant/plugin/c4/antlr/C4Parser$SystemParamListContext;)Lorg/jqassistant/plugin/c4/data/AbstractBuildingBlock;" line="246"><counter type="INSTRUCTION" missed="14" covered="119"/><counter type="BRANCH" missed="14" covered="18"/><counter type="LINE" missed="2" covered="21"/><counter type="COMPLEXITY" missed="13" covered="4"/><counter type="METHOD" missed="0" covered="1"/></method><method name="exitRel" desc="(Lorg/jqassistant/plugin/c4/antlr/C4Parser$RelContext;)V" line="283"><counter type="INSTRUCTION" missed="0" covered="22"/><counter type="LINE" missed="0" covered="6"/><counter type="COMPLEXITY" missed="0" covered="1"/><counter type="METHOD" missed="0" covered="1"/></method><method name="exitBiRel" desc="(Lorg/jqassistant/plugin/c4/antlr/C4Parser$BiRelContext;)V" line="294"><counter type="INSTRUCTION" missed="0" covered="37"/><counter type="LINE" missed="0" covered="11"/><counter type="COMPLEXITY" missed="0" covered="1"/><counter type="METHOD" missed="0" covered="1"/></method><method name="processParameters" desc="(Lorg/jqassistant/plugin/c4/data/ElementRelation$ElementRelationBuilder;Lorg/jqassistant/plugin/c4/antlr/C4Parser$RelParamListContext;)Lorg/jqassistant/plugin/c4/data/ElementRelation;" line="309"><counter type="INSTRUCTION" missed="58" covered="125"/><counter type="BRANCH" missed="23" covered="21"/><counter type="LINE" missed="8" covered="23"/><counter type="COMPLEXITY" missed="19" covered="4"/><counter type="METHOD" missed="0" covered="1"/></method><method name="setSpecifiedProperty" desc="(Ljava/lang/String;Lorg/jqassistant/plugin/c4/data/Boundary$BoundaryBuilder;)Z" line="357"><counter type="INSTRUCTION" missed="0" covered="44"/><counter type="BRANCH" missed="4" covered="6"/><counter type="LINE" missed="0" covered="5"/><counter type="COMPLEXITY" missed="4" covered="2"/><counter type="METHOD" missed="0" covered="1"/></method><method name="setSpecifiedProperty" desc="(Ljava/lang/String;Lorg/jqassistant/plugin/c4/data/AbstractBuildingBlock$AbstractBuildingBlockBuilder;)Z" line="365"><counter type="INSTRUCTION" missed="0" covered="57"/><counter type="BRANCH" missed="2" covered="12"/><counter type="LINE" missed="0" covered="7"/><counter type="COMPLEXITY" missed="2" covered="6"/><counter type="METHOD" missed="0" covered="1"/></method><method name="setSpecifiedProperty" desc="(Ljava/lang/String;Lorg/jqassistant/plugin/c4/data/ElementRelation$ElementRelationBuilder;)Z" line="375"><counter type="INSTRUCTION" missed="0" covered="57"/><counter type="BRANCH" missed="6" covered="8"/><counter type="LINE" missed="0" covered="7"/><counter type="COMPLEXITY" missed="6" covered="2"/><counter type="METHOD" missed="0" covered="1"/></method><method name="processAlias" desc="(Ljava/lang/String;Ljava/util/function/Consumer;)Z" line="385"><counter type="INSTRUCTION" missed="0" covered="6"/><counter type="LINE" missed="0" covered="1"/><counter type="COMPLEXITY" missed="0" covered="1"/><counter type="METHOD" missed="0" covered="1"/></method><method name="processLabel" desc="(Ljava/lang/String;Ljava/util/function/Consumer;)Z" line="389"><counter type="INSTRUCTION" missed="0" covered="6"/><counter type="LINE" missed="0" covered="1"/><counter type="COMPLEXITY" missed="0" covered="1"/><counter type="METHOD" missed="0" covered="1"/></method><method name="processDescription" desc="(Ljava/lang/String;Ljava/util/function/Consumer;)Z" line="393"><counter type="INSTRUCTION" missed="0" covered="6"/><counter type="LINE" missed="0" covered="1"/><counter type="COMPLEXITY" missed="0" covered="1"/><counter type="METHOD" missed="0" covered="1"/></method><method name="processTags" desc="(Ljava/lang/String;Ljava/util/function/Consumer;)Z" line="397"><counter type="INSTRUCTION" missed="0" covered="6"/><counter type="LINE" missed="0" covered="1"/><counter type="COMPLEXITY" missed="0" covered="1"/><counter type="METHOD" missed="0" covered="1"/></method><method name="processTech" desc="(Ljava/lang/String;Ljava/util/function/Consumer;)Z" line="401"><counter type="INSTRUCTION" missed="0" covered="6"/><counter type="LINE" missed="0" covered="1"/><counter type="COMPLEXITY" missed="0" covered="1"/><counter type="METHOD" missed="0" covered="1"/></method><method name="processType" desc="(Ljava/lang/String;Ljava/util/function/Consumer;)Z" line="405"><counter type="INSTRUCTION" missed="0" covered="6"/><counter type="LINE" missed="0" covered="1"/><counter type="COMPLEXITY" missed="0" covered="1"/><counter type="METHOD" missed="0" covered="1"/></method><method name="processFrom" desc="(Ljava/lang/String;Ljava/util/function/Consumer;)Z" line="409"><counter type="INSTRUCTION" missed="0" covered="6"/><counter type="LINE" missed="0" covered="1"/><counter type="COMPLEXITY" missed="0" covered="1"/><counter type="METHOD" missed="0" covered="1"/></method><method name="processTo" desc="(Ljava/lang/String;Ljava/util/function/Consumer;)Z" line="413"><counter type="INSTRUCTION" missed="0" covered="6"/><counter type="LINE" missed="0" covered="1"/><counter type="COMPLEXITY" missed="0" covered="1"/><counter type="METHOD" missed="0" covered="1"/></method><method name="process" desc="(Ljava/lang/String;Ljava/lang/String;Ljava/util/function/Consumer;)Z" line="417"><counter type="INSTRUCTION" missed="0" covered="19"/><counter type="BRANCH" missed="0" covered="2"/><counter type="LINE" missed="0" covered="4"/><counter type="COMPLEXITY" missed="0" covered="2"/><counter type="METHOD" missed="0" covered="1"/></method><method name="processSet" desc="(Ljava/lang/String;Ljava/lang/String;Ljava/util/function/Consumer;)Z" line="425"><counter type="INSTRUCTION" missed="0" covered="26"/><counter type="BRANCH" missed="0" covered="2"/><counter type="LINE" missed="0" covered="4"/><counter type="COMPLEXITY" missed="0" covered="2"/><counter type="METHOD" missed="0" covered="1"/></method><method name="normalize" desc="(Ljava/lang/String;)Ljava/lang/String;" line="433"><counter type="INSTRUCTION" missed="2" covered="8"/><counter type="BRANCH" missed="1" covered="1"/><counter type="LINE" missed="1" covered="2"/><counter type="COMPLEXITY" missed="1" covered="1"/><counter type="METHOD" missed="0" covered="1"/></method><method name="normalize" desc="(Lorg/antlr/v4/runtime/Token;)Ljava/lang/String;" line="441"><counter type="INSTRUCTION" missed="0" covered="14"/><counter type="BRANCH" missed="1" covered="3"/><counter type="LINE" missed="0" covered="3"/><counter type="COMPLEXITY" missed="1" covered="2"/><counter type="METHOD" missed="0" covered="1"/></method><method name="getName" desc="()Ljava/lang/String;" line="29"><counter type="INSTRUCTION" missed="0" covered="3"/><counter type="LINE" missed="0" covered="1"/><counter type="COMPLEXITY" missed="0" covered="1"/><counter type="METHOD" missed="0" covered="1"/></method><method name="getC4Elements" desc="()Ljava/util/List;" line="31"><counter type="INSTRUCTION" missed="0" covered="3"/><counter type="LINE" missed="0" covered="1"/><counter type="COMPLEXITY" missed="0" covered="1"/><counter type="METHOD" missed="0" covered="1"/></method><method name="getC4ElementRelations" desc="()Ljava/util/List;" line="33"><counter type="INSTRUCTION" missed="0" covered="3"/><counter type="LINE" missed="0" covered="1"/><counter type="COMPLEXITY" missed="0" covered="1"/><counter type="METHOD" missed="0" covered="1"/></method><counter type="INSTRUCTION" missed="154" covered="1174"/><counter type="BRANCH" missed="89" covered="135"/><counter type="LINE" missed="20" covered="218"/><counter type="COMPLEXITY" missed="81" covered="66"/><counter type="METHOD" missed="0" covered="35"/><counter type="CLASS" missed="0" covered="1"/></class><class name="org/jqassistant/plugin/c4/C4DiagramParser" sourcefilename="C4DiagramParser.java"><method name="&lt;init&gt;" desc="()V" line="20"><counter type="INSTRUCTION" missed="0" covered="3"/><counter type="LINE" missed="0" covered="1"/><counter type="COMPLEXITY" missed="0" covered="1"/><counter type="METHOD" missed="0" covered="1"/></method><method name="parseDiagram" desc="(Ljava/io/InputStream;Ljava/lang/String;)Lorg/jqassistant/plugin/c4/data/C4Diagram;" line="33"><counter type="INSTRUCTION" missed="3" covered="44"/><counter type="BRANCH" missed="1" covered="1"/><counter type="LINE" missed="0" covered="7"/><counter type="COMPLEXITY" missed="1" covered="1"/><counter type="METHOD" missed="0" covered="1"/></method><counter type="INSTRUCTION" missed="3" covered="47"/><counter type="BRANCH" missed="1" covered="1"/><counter type="LINE" missed="0" covered="8"/><counter type="COMPLEXITY" missed="1" covered="2"/><counter type="METHOD" missed="0" covered="2"/><counter type="CLASS" missed="0" covered="1"/></class><sourcefile name="C4DiagramParser.java"><line nr="20" mi="0" ci="3" mb="0" cb="0"/><line nr="33" mi="0" ci="8" mb="0" cb="0"/><line nr="34" mi="0" ci="8" mb="0" cb="0"/><line nr="35" mi="0" ci="12" mb="0" cb="0"/><line nr="38" mi="8" ci="0" mb="0" cb="0"/><line nr="42" mi="0" ci="4" mb="0" cb="0"/><line nr="43" mi="0" ci="3" mb="0" cb="0"/><line nr="44" mi="0" ci="3" mb="0" cb="0"/><line nr="46" mi="3" ci="12" mb="1" cb="1"/><counter type="INSTRUCTION" missed="11" covered="53"/><counter type="BRANCH" missed="1" covered="1"/><counter type="LINE" missed="1" covered="8"/><counter type="COMPLEXITY" missed="2" covered="3"/><counter type="METHOD" missed="1" covered="3"/><counter type="CLASS" missed="0" covered="2"/></sourcefile><sourcefile name="C4DiagramPersister.java"><line nr="33" mi="0" ci="6" mb="0" cb="0"/><line nr="34" mi="0" ci="4" mb="0" cb="0"/><line nr="49" mi="0" ci="6" mb="0" cb="0"/><line nr="50" mi="0" ci="4" mb="0" cb="0"/><line nr="51" mi="0" ci="6" mb="0" cb="0"/><line nr="52" mi="0" ci="5" mb="0" cb="0"/><line nr="54" mi="0" ci="2" mb="0" cb="0"/><line nr="58" mi="0" ci="4" mb="0" cb="0"/><line nr="60" mi="0" ci="10" mb="0" cb="2"/><line nr="61" mi="0" ci="5" mb="0" cb="0"/><line nr="62" mi="0" ci="2" mb="1" cb="1"/><line nr="63" mi="0" ci="6" mb="0" cb="0"/><line nr="65" mi="0" ci="1" mb="0" cb="0"/><line nr="68" mi="0" ci="10" mb="0" cb="2"/><line nr="69" mi="0" ci="3" mb="0" cb="2"/><line nr="70" mi="0" ci="7" mb="0" cb="0"/><line nr="71" mi="0" ci="6" mb="0" cb="0"/><line nr="72" mi="0" ci="3" mb="0" cb="2"/><line nr="73" mi="0" ci="7" mb="0" cb="0"/><line nr="74" mi="0" ci="3" mb="1" cb="1"/><line nr="75" mi="7" ci="0" mb="0" cb="0"/><line nr="76" mi="0" ci="3" mb="1" cb="1"/><line nr="77" mi="0" ci="7" mb="0" cb="0"/><line nr="78" mi="3" ci="0" mb="2" cb="0"/><line nr="79" mi="7" ci="0" mb="0" cb="0"/><line nr="80" mi="3" ci="0" mb="2" cb="0"/><line nr="81" mi="6" ci="0" mb="0" cb="0"/><line nr="84" mi="0" ci="1" mb="0" cb="0"/><line nr="85" mi="0" ci="2" mb="0" cb="0"/><line nr="89" mi="0" ci="10" mb="0" cb="2"/><line nr="90" mi="0" ci="6" mb="0" cb="0"/><line nr="91" mi="0" ci="6" mb="0" cb="0"/><line nr="92" mi="0" ci="4" mb="2" cb="2"/><line nr="93" mi="0" ci="32" mb="0" cb="0"/><line nr="94" mi="0" ci="5" mb="0" cb="0"/><line nr="96" mi="0" ci="1" mb="0" cb="0"/><line nr="97" mi="0" ci="1" mb="0" cb="0"/><line nr="100" mi="0" ci="10" mb="0" cb="0"/><line nr="102" mi="0" ci="5" mb="0" cb="0"/><line nr="103" mi="0" ci="4" mb="0" cb="0"/><line nr="104" mi="0" ci="4" mb="1" cb="1"/><line nr="105" mi="0" ci="3" mb="0" cb="2"/><line nr="106" mi="0" ci="9" mb="0" cb="0"/><line nr="107" mi="0" ci="5" mb="0" cb="0"/><line nr="108" mi="0" ci="2" mb="0" cb="0"/><line nr="109" mi="0" ci="3" mb="0" cb="2"/><line nr="110" mi="0" ci="9" mb="0" cb="0"/><line nr="111" mi="0" ci="5" mb="0" cb="0"/><line nr="112" mi="0" ci="2" mb="0" cb="0"/><line nr="113" mi="0" ci="3" mb="0" cb="2"/><line nr="114" mi="0" ci="9" mb="0" cb="0"/><line nr="115" mi="0" ci="5" mb="0" cb="0"/><line nr="116" mi="0" ci="2" mb="0" cb="0"/><line nr="117" mi="0" ci="3" mb="0" cb="2"/><line nr="118" mi="0" ci="9" mb="0" cb="0"/><line nr="119" mi="0" ci="5" mb="0" cb="0"/><line nr="120" mi="0" ci="2" mb="0" cb="0"/><line nr="121" mi="0" ci="3" mb="1" cb="1"/><line nr="122" mi="0" ci="9" mb="0" cb="0"/><line nr="123" mi="0" ci="5" mb="0" cb="0"/><line nr="124" mi="0" ci="2" mb="0" cb="0"/><line nr="128" mi="2" ci="0" mb="0" cb="0"/><counter type="INSTRUCTION" missed="28" covered="296"/><counter type="BRANCH" missed="11" covered="25"/><counter type="LINE" missed="6" covered="56"/><counter type="COMPLEXITY" missed="9" covered="15"/><counter type="METHOD" missed="0" covered="6"/><counter type="CLASS" missed="0" covered="1"/></sourcefile><sourcefile name="C4ParseListener.java"><line nr="27" mi="0" ci="2" mb="0" cb="0"/><line nr="29" mi="0" ci="3" mb="0" cb="0"/><line nr="31" mi="0" ci="8" mb="0" cb="0"/><line nr="33" mi="0" ci="8" mb="0" cb="0"/><line nr="36" mi="0" ci="5" mb="0" cb="0"/><line nr="37" mi="0" ci="6" mb="0" cb="0"/><line nr="41" mi="0" ci="6" mb="0" cb="0"/><line nr="42" mi="0" ci="1" mb="0" cb="0"/><line nr="46" mi="0" ci="13" mb="0" cb="0"/><line nr="47" mi="0" ci="1" mb="0" cb="0"/><line nr="51" mi="0" ci="9" mb="0" cb="0"/><line nr="52" mi="0" ci="1" mb="0" cb="0"/><line nr="56" mi="0" ci="12" mb="0" cb="0"/><line nr="57" mi="0" ci="1" mb="0" cb="0"/><line nr="61" mi="0" ci="3" mb="0" cb="0"/><line nr="62" mi="0" ci="4" mb="0" cb="0"/><line nr="63" mi="0" ci="4" mb="0" cb="0"/><line nr="64" mi="0" ci="3" mb="0" cb="0"/><line nr="66" mi="0" ci="4" mb="0" cb="2"/><line nr="67" mi="0" ci="12" mb="0" cb="0"/><line nr="69" mi="0" ci="6" mb="0" cb="0"/><line nr="71" mi="0" ci="5" mb="0" cb="0"/><line nr="72" mi="0" ci="5" mb="0" cb="0"/><line nr="73" mi="0" ci="1" mb="0" cb="0"/><line nr="77" mi="0" ci="3" mb="0" cb="0"/><line nr="78" mi="0" ci="4" mb="0" cb="0"/><line nr="79" mi="0" ci="4" mb="0" cb="0"/><line nr="80" mi="0" ci="3" mb="0" cb="0"/><line nr="82" mi="0" ci="4" mb="1" cb="1"/><line nr="83" mi="12" ci="0" mb="0" cb="0"/><line nr="86" mi="0" ci="6" mb="0" cb="0"/><line nr="88" mi="0" ci="5" mb="0" cb="0"/><line nr="89" mi="0" ci="5" mb="0" cb="0"/><line nr="90" mi="0" ci="1" mb="0" cb="0"/><line nr="94" mi="0" ci="3" mb="0" cb="0"/><line nr="95" mi="0" ci="4" mb="0" cb="0"/><line nr="96" mi="0" ci="4" mb="0" cb="0"/><line nr="97" mi="0" ci="3" mb="0" cb="0"/><line nr="99" mi="0" ci="4" mb="0" cb="2"/><line nr="100" mi="0" ci="12" mb="0" cb="0"/><line nr="103" mi="0" ci="6" mb="0" cb="0"/><line nr="105" mi="0" ci="5" mb="0" cb="0"/><line nr="106" mi="0" ci="5" mb="0" cb="0"/><line nr="107" mi="0" ci="1" mb="0" cb="0"/><line nr="111" mi="0" ci="3" mb="0" cb="0"/><line nr="112" mi="0" ci="4" mb="0" cb="0"/><line nr="113" mi="0" ci="3" mb="0" cb="0"/><line nr="115" mi="0" ci="4" mb="1" cb="1"/><line nr="116" mi="12" ci="0" mb="0" cb="0"/><line nr="119" mi="0" ci="6" mb="0" cb="0"/><line nr="121" mi="0" ci="5" mb="0" cb="0"/><line nr="122" mi="0" ci="5" mb="0" cb="0"/><line nr="123" mi="0" ci="1" mb="0" cb="0"/><line nr="129" mi="0" ci="4" mb="0" cb="2"/><line nr="130" mi="0" ci="3" mb="0" cb="0"/><line nr="131" mi="0" ci="2" mb="0" cb="0"/><line nr="132" mi="0" ci="6" mb="0" cb="0"/><line nr="134" mi="0" ci="2" mb="0" cb="0"/><line nr="135" mi="0" ci="5" mb="0" cb="0"/><line nr="138" mi="0" ci="4" mb="0" cb="2"/><line nr="139" mi="0" ci="12" mb="0" cb="0"/><line nr="142" mi="0" ci="6" mb="0" cb="0"/><line nr="143" mi="0" ci="1" mb="0" cb="0"/><line nr="146" mi="0" ci="8" mb="2" cb="2"/><line nr="147" mi="0" ci="4" mb="0" cb="0"/><line nr="148" mi="0" ci="5" mb="1" cb="1"/><line nr="149" mi="0" ci="6" mb="0" cb="0"/><line nr="152" mi="0" ci="8" mb="2" cb="2"/><line nr="153" mi="0" ci="4" mb="0" cb="0"/><line nr="154" mi="0" ci="5" mb="1" cb="1"/><line nr="155" mi="0" ci="6" mb="0" cb="0"/><line nr="158" mi="0" ci="8" mb="1" cb="3"/><line nr="159" mi="0" ci="6" mb="0" cb="0"/><line nr="160" mi="0" ci="5" mb="0" cb="2"/><line nr="161" mi="0" ci="10" mb="0" cb="0"/><line nr="164" mi="5" ci="3" mb="3" cb="1"/><line nr="165" mi="6" ci="0" mb="0" cb="0"/><line nr="166" mi="5" ci="0" mb="0" cb="0"/><line nr="169" mi="0" ci="1" mb="0" cb="0"/><line nr="172" mi="0" ci="8" mb="2" cb="2"/><line nr="173" mi="0" ci="4" mb="0" cb="0"/><line nr="174" mi="0" ci="5" mb="1" cb="1"/><line nr="175" mi="0" ci="6" mb="0" cb="0"/><line nr="178" mi="0" ci="8" mb="2" cb="2"/><line nr="179" mi="0" ci="4" mb="0" cb="0"/><line nr="180" mi="0" ci="5" mb="1" cb="1"/><line nr="181" mi="0" ci="6" mb="0" cb="0"/><line nr="184" mi="0" ci="8" mb="2" cb="2"/><line nr="185" mi="0" ci="6" mb="0" cb="0"/><line nr="186" mi="0" ci="5" mb="1" cb="1"/><line nr="187" mi="0" ci="4" mb="0" cb="0"/><line nr="190" mi="0" ci="8" mb="2" cb="2"/><line nr="191" mi="0" ci="6" mb="0" cb="0"/><line nr="192" mi="0" ci="5" mb="1" cb="1"/><line nr="193" mi="10" ci="0" mb="0" cb="0"/><line nr="196" mi="5" ci="3" mb="3" cb="1"/><line nr="197" mi="6" ci="0" mb="0" cb="0"/><line nr="198" mi="5" ci="0" mb="0" cb="0"/><line nr="201" mi="0" ci="1" mb="0" cb="0"/><line nr="204" mi="0" ci="8" mb="2" cb="2"/><line nr="205" mi="0" ci="4" mb="0" cb="0"/><line nr="206" mi="0" ci="5" mb="0" cb="2"/><line nr="207" mi="0" ci="6" mb="0" cb="0"/><line nr="210" mi="0" ci="8" mb="2" cb="2"/><line nr="211" mi="0" ci="4" mb="0" cb="0"/><line nr="212" mi="0" ci="5" mb="0" cb="2"/><line nr="213" mi="0" ci="6" mb="0" cb="0"/><line nr="216" mi="0" ci="8" mb="1" cb="3"/><line nr="217" mi="0" ci="4" mb="0" cb="0"/><line nr="218" mi="0" ci="5" mb="0" cb="2"/><line nr="219" mi="0" ci="10" mb="0" cb="0"/><line nr="222" mi="0" ci="8" mb="1" cb="3"/><line nr="223" mi="0" ci="4" mb="0" cb="0"/><line nr="224" mi="0" ci="5" mb="0" cb="2"/><line nr="225" mi="0" ci="6" mb="0" cb="0"/><line nr="228" mi="0" ci="8" mb="1" cb="3"/><line nr="229" mi="0" ci="4" mb="0" cb="0"/><line nr="230" mi="0" ci="5" mb="0" cb="0"/><line nr="232" mi="0" ci="8" mb="1" cb="3"/><line nr="233" mi="0" ci="4" mb="0" cb="0"/><line nr="234" mi="0" ci="5" mb="0" cb="2"/><line nr="235" mi="0" ci="10" mb="0" cb="0"/><line nr="238" mi="5" ci="3" mb="3" cb="1"/><line nr="239" mi="4" ci="0" mb="0" cb="0"/><line nr="240" mi="5" ci="0" mb="0" cb="0"/><line nr="242" mi="0" ci="3" mb="0" cb="0"/><line nr="246" mi="0" ci="8" mb="2" cb="2"/><line nr="247" mi="0" ci="4" mb="0" cb="0"/><line nr="248" mi="0" ci="5" mb="1" cb="1"/><line nr="249" mi="0" ci="6" mb="0" cb="0"/><line nr="252" mi="0" ci="8" mb="2" cb="2"/><line nr="253" mi="0" ci="4" mb="0" cb="0"/><line nr="254" mi="0" ci="5" mb="1" cb="1"/><line nr="255" mi="0" ci="6" mb="0" cb="0"/><line nr="258" mi="0" ci="8" mb="1" cb="3"/><line nr="259" mi="0" ci="4" mb="0" cb="0"/><line nr="260" mi="0" ci="5" mb="1" cb="1"/><line nr="261" mi="0" ci="6" mb="0" cb="0"/><line nr="264" mi="0" ci="8" mb="1" cb="3"/><line nr="265" mi="0" ci="4" mb="0" cb="0"/><line nr="266" mi="0" ci="5" mb="0" cb="0"/><line nr="268" mi="0" ci="8" mb="1" cb="3"/><line nr="269" mi="0" ci="4" mb="0" cb="0"/><line nr="270" mi="0" ci="5" mb="1" cb="1"/><line nr="271" mi="0" ci="10" mb="0" cb="0"/><line nr="274" mi="5" ci="3" mb="3" cb="1"/><line nr="275" mi="4" ci="0" mb="0" cb="0"/><line nr="276" mi="5" ci="0" mb="0" cb="0"/><line nr="278" mi="0" ci="3" mb="0" cb="0"/><line nr="283" mi="0" ci="3" mb="0" cb="0"/><line nr="284" mi="0" ci="2" mb="0" cb="0"/><line nr="286" mi="0" ci="6" mb="0" cb="0"/><line nr="288" mi="0" ci="5" mb="0" cb="0"/><line nr="289" mi="0" ci="5" mb="0" cb="0"/><line nr="290" mi="0" ci="1" mb="0" cb="0"/><line nr="294" mi="0" ci="3" mb="0" cb="0"/><line nr="295" mi="0" ci="2" mb="0" cb="0"/><line nr="297" mi="0" ci="6" mb="0" cb="0"/><line nr="298" mi="0" ci="5" mb="0" cb="0"/><line nr="300" mi="0" ci="3" mb="0" cb="0"/><line nr="301" mi="0" ci="3" mb="0" cb="0"/><line nr="302" mi="0" ci="2" mb="0" cb="0"/><line nr="303" mi="0" ci="2" mb="0" cb="0"/><line nr="304" mi="0" ci="5" mb="0" cb="0"/><line nr="305" mi="0" ci="5" mb="0" cb="0"/><line nr="306" mi="0" ci="1" mb="0" cb="0"/><line nr="309" mi="0" ci="8" mb="2" cb="2"/><line nr="310" mi="0" ci="4" mb="0" cb="0"/><line nr="311" mi="0" ci="5" mb="1" cb="1"/><line nr="312" mi="0" ci="6" mb="0" cb="0"/><line nr="315" mi="0" ci="8" mb="2" cb="2"/><line nr="316" mi="0" ci="4" mb="0" cb="0"/><line nr="317" mi="0" ci="5" mb="1" cb="1"/><line nr="318" mi="0" ci="6" mb="0" cb="0"/><line nr="321" mi="0" ci="8" mb="2" cb="2"/><line nr="322" mi="0" ci="4" mb="0" cb="0"/><line nr="323" mi="0" ci="5" mb="1" cb="1"/><line nr="324" mi="0" ci="6" mb="0" cb="0"/><line nr="327" mi="0" ci="8" mb="1" cb="3"/><line nr="328" mi="0" ci="4" mb="0" cb="0"/><line nr="329" mi="0" ci="5" mb="0" cb="2"/><line nr="330" mi="0" ci="10" mb="0" cb="0"/><line nr="333" mi="0" ci="8" mb="1" cb="3"/><line nr="334" mi="0" ci="4" mb="0" cb="0"/><line nr="335" mi="0" ci="5" mb="1" cb="1"/><line nr="336" mi="6" ci="0" mb="0" cb="0"/><line nr="339" mi="5" ci="3" mb="3" cb="1"/><line nr="340" mi="4" ci="0" mb="0" cb="0"/><line nr="341" mi="5" ci="0" mb="0" cb="0"/><line nr="343" mi="5" ci="3" mb="3" cb="1"/><line nr="344" mi="4" ci="0" mb="0" cb="0"/><line nr="345" mi="5" ci="0" mb="2" cb="0"/><line nr="346" mi="10" ci="0" mb="0" cb="0"/><line nr="349" mi="5" ci="3" mb="3" cb="1"/><line nr="350" mi="4" ci="0" mb="0" cb="0"/><line nr="351" mi="5" ci="0" mb="0" cb="0"/><line nr="353" mi="0" ci="3" mb="0" cb="0"/><line nr="357" mi="0" ci="14" mb="1" cb="1"/><line nr="358" mi="0" ci="9" mb="1" cb="1"/><line nr="359" mi="0" ci="9" mb="0" cb="2"/><line nr="360" mi="0" ci="7" mb="1" cb="1"/><line nr="361" mi="0" ci="5" mb="1" cb="1"/><line nr="365" mi="0" ci="14" mb="0" cb="2"/><line nr="366" mi="0" ci="9" mb="0" cb="2"/><line nr="367" mi="0" ci="9" mb="1" cb="1"/><line nr="368" mi="0" ci="9" mb="0" cb="2"/><line nr="369" mi="0" ci="7" mb="0" cb="2"/><line nr="370" mi="0" ci="4" mb="0" cb="2"/><line nr="371" mi="0" ci="5" mb="1" cb="1"/><line nr="375" mi="0" ci="14" mb="1" cb="1"/><line nr="376" mi="0" ci="9" mb="1" cb="1"/><line nr="377" mi="0" ci="9" mb="1" cb="1"/><line nr="378" mi="0" ci="9" mb="0" cb="2"/><line nr="379" mi="0" ci="7" mb="1" cb="1"/><line nr="380" mi="0" ci="4" mb="1" cb="1"/><line nr="381" mi="0" ci="5" mb="1" cb="1"/><line nr="385" mi="0" ci="6" mb="0" cb="0"/><line nr="389" mi="0" ci="6" mb="0" cb="0"/><line nr="393" mi="0" ci="6" mb="0" cb="0"/><line nr="397" mi="0" ci="6" mb="0" cb="0"/><line nr="401" mi="0" ci="6" mb="0" cb="0"/><line nr="405" mi="0" ci="6" mb="0" cb="0"/><line nr="409" mi="0" ci="6" mb="0" cb="0"/><line nr="413" mi="0" ci="6" mb="0" cb="0"/><line nr="417" mi="0" ci="4" mb="0" cb="2"/><line nr="418" mi="0" ci="11" mb="0" cb="0"/><line nr="419" mi="0" ci="2" mb="0" cb="0"/><line nr="421" mi="0" ci="2" mb="0" cb="0"/><line nr="425" mi="0" ci="4" mb="0" cb="2"/><line nr="426" mi="0" ci="18" mb="0" cb="0"/><line nr="427" mi="0" ci="2" mb="0" cb="0"/><line nr="429" mi="0" ci="2" mb="0" cb="0"/><line nr="433" mi="0" ci="2" mb="1" cb="1"/><line nr="434" mi="2" ci="0" mb="0" cb="0"/><line nr="436" mi="0" ci="6" mb="0" cb="0"/><line nr="441" mi="0" ci="5" mb="1" cb="3"/><line nr="442" mi="0" ci="2" mb="0" cb="0"/><line nr="444" mi="0" ci="7" mb="0" cb="0"/><counter type="INSTRUCTION" missed="154" covered="1174"/><counter type="BRANCH" missed="89" covered="135"/><counter type="LINE" missed="20" covered="218"/><counter type="COMPLEXITY" missed="81" covered="66"/><counter type="METHOD" missed="0" covered="35"/><counter type="CLASS" missed="0" covered="1"/></sourcefile><sourcefile name="C4DiagramScannerPlugin.java"><line nr="25" mi="0" ci="4" mb="0" cb="0"/><line nr="26" mi="0" ci="3" mb="0" cb="0"/><line nr="30" mi="0" ci="5" mb="1" cb="1"/><line nr="31" mi="2" ci="0" mb="0" cb="0"/><line nr="34" mi="0" ci="3" mb="0" cb="0"/><line nr="35" mi="0" ci="3" mb="0" cb="0"/><line nr="36" mi="2" ci="4" mb="1" cb="1"/><line nr="37" mi="4" ci="0" mb="2" cb="0"/><line nr="38" mi="2" ci="0" mb="2" cb="0"/><line nr="39" mi="0" ci="4" mb="0" cb="0"/><line nr="41" mi="0" ci="4" mb="1" cb="1"/><line nr="42" mi="1" ci="0" mb="0" cb="0"/><line nr="43" mi="4" ci="0" mb="0" cb="0"/><line nr="44" mi="1" ci="0" mb="0" cb="0"/><line nr="46" mi="2" ci="0" mb="0" cb="0"/><line nr="51" mi="0" ci="10" mb="0" cb="0"/><line nr="52" mi="0" ci="4" mb="0" cb="0"/><line nr="53" mi="0" ci="3" mb="0" cb="0"/><line nr="54" mi="0" ci="10" mb="0" cb="0"/><line nr="55" mi="0" ci="7" mb="0" cb="0"/><line nr="56" mi="0" ci="4" mb="0" cb="0"/><line nr="57" mi="0" ci="3" mb="0" cb="0"/><line nr="59" mi="0" ci="2" mb="0" cb="0"/><counter type="INSTRUCTION" missed="18" covered="73"/><counter type="BRANCH" missed="7" covered="3"/><counter type="LINE" missed="7" covered="16"/><counter type="COMPLEXITY" missed="5" covered="4"/><counter type="METHOD" missed="0" covered="4"/><counter type="CLASS" missed="0" covered="1"/></sourcefile><counter type="INSTRUCTION" missed="211" covered="1596"/><counter type="BRANCH" missed="108" covered="164"/><counter type="LINE" missed="34" covered="298"/><counter type="COMPLEXITY" missed="97" covered="88"/><counter type="METHOD" missed="1" covered="48"/><counter type="CLASS" missed="0" covered="5"/></package><package name="org/jqassistant/plugin/c4/antlr"><class name="org/jqassistant/plugin/c4/antlr/C4Parser$RelContext" sourcefilename="C4Parser.java"><method name="Rel" desc="()Lorg/antlr/v4/runtime/tree/TerminalNode;" line="1622"><counter type="INSTRUCTION" missed="5" covered="0"/><counter type="LINE" missed="1" covered="0"/><counter type="COMPLEXITY" missed="1" covered="0"/><counter type="METHOD" missed="1" covered="0"/></method><method name="relParamList" desc="()Lorg/jqassistant/plugin/c4/antlr/C4Parser$RelParamListContext;" line="1624"><counter type="INSTRUCTION" missed="0" covered="6"/><counter type="LINE" missed="0" covered="1"/><counter type="COMPLEXITY" missed="0" covered="1"/><counter type="METHOD" missed="0" covered="1"/></method><method name="&lt;init&gt;" desc="(Lorg/antlr/v4/runtime/ParserRuleContext;I)V" line="1627"><counter type="INSTRUCTION" missed="0" covered="5"/><counter type="LINE" missed="0" covered="2"/><counter type="COMPLEXITY" missed="0" covered="1"/><counter type="METHOD" missed="0" covered="1"/></method><method name="getRuleIndex" desc="()I" line="1629"><counter type="INSTRUCTION" missed="2" covered="0"/><counter type="LINE" missed="1" covered="0"/><counter type="COMPLEXITY" missed="1" covered="0"/><counter type="METHOD" missed="1" covered="0"/></method><method name="enterRule" desc="(Lorg/antlr/v4/runtime/tree/ParseTreeListener;)V" line="1632"><counter type="INSTRUCTION" missed="0" covered="8"/><counter type="BRANCH" missed="1" covered="1"/><counter type="LINE" missed="0" covered="2"/><counter type="COMPLEXITY" missed="1" covered="1"/><counter type="METHOD" missed="0" covered="1"/></method><method name="exitRule" desc="(Lorg/antlr/v4/runtime/tree/ParseTreeListener;)V" line="1636"><counter type="INSTRUCTION" missed="0" covered="8"/><counter type="BRANCH" missed="1" covered="1"/><counter type="LINE" missed="0" covered="2"/><counter type="COMPLEXITY" missed="1" covered="1"/><counter type="METHOD" missed="0" covered="1"/></method><counter type="INSTRUCTION" missed="7" covered="27"/><counter type="BRANCH" missed="2" covered="2"/><counter type="LINE" missed="2" covered="7"/><counter type="COMPLEXITY" missed="4" covered="4"/><counter type="METHOD" missed="2" covered="4"/><counter type="CLASS" missed="0" covered="1"/></class><class name="org/jqassistant/plugin/c4/antlr/C4BaseListener" sourcefilename="C4BaseListener.java"><method name="&lt;init&gt;" desc="()V" line="13"><counter type="INSTRUCTION" missed="0" covered="3"/><counter type="LINE" missed="0" covered="1"/><counter type="COMPLEXITY" missed="0" covered="1"/><counter type="METHOD" missed="0" covered="1"/></method><method name="enterC4" desc="(Lorg/jqassistant/plugin/c4/antlr/C4Parser$C4Context;)V" line="19"><counter type="INSTRUCTION" missed="0" covered="1"/><counter type="LINE" missed="0" covered="1"/><counter type="COMPLEXITY" missed="0" covered="1"/><counter type="METHOD" missed="0" covered="1"/></method><method name="exitC4" desc="(Lorg/jqassistant/plugin/c4/antlr/C4Parser$C4Context;)V" line="25"><counter type="INSTRUCTION" missed="1" covered="0"/><counter type="LINE" missed="1" covered="0"/><counter type="COMPLEXITY" missed="1" covered="0"/><counter type="METHOD" missed="1" covered="0"/></method><method name="enterElement" desc="(Lorg/jqassistant/plugin/c4/antlr/C4Parser$ElementContext;)V" line="31"><counter type="INSTRUCTION" missed="0" covered="1"/><counter type="LINE" missed="0" covered="1"/><counter type="COMPLEXITY" missed="0" covered="1"/><counter type="METHOD" missed="0" covered="1"/></method><method name="exitElement" desc="(Lorg/jqassistant/plugin/c4/antlr/C4Parser$ElementContext;)V" line="37"><counter type="INSTRUCTION" missed="0" covered="1"/><counter type="LINE" missed="0" covered="1"/><counter type="COMPLEXITY" missed="0" covered="1"/><counter type="METHOD" missed="0" covered="1"/></method><method name="enterAddProperty" desc="(Lorg/jqassistant/plugin/c4/antlr/C4Parser$AddPropertyContext;)V" line="43"><counter type="INSTRUCTION" missed="0" covered="1"/><counter type="LINE" missed="0" covered="1"/><counter type="COMPLEXITY" missed="0" covered="1"/><counter type="METHOD" missed="0" covered="1"/></method><method name="exitAddProperty" desc="(Lorg/jqassistant/plugin/c4/antlr/C4Parser$AddPropertyContext;)V" line="49"><counter type="INSTRUCTION" missed="1" covered="0"/><counter type="LINE" missed="1" covered="0"/><counter type="COMPLEXITY" missed="1" covered="0"/><counter type="METHOD" missed="1" covered="0"/></method><method name="enterIgnore" desc="(Lorg/jqassistant/plugin/c4/antlr/C4Parser$IgnoreContext;)V" line="55"><counter type="INSTRUCTION" missed="0" covered="1"/><counter type="LINE" missed="0" covered="1"/><counter type="COMPLEXITY" missed="0" covered="1"/><counter type="METHOD" missed="0" covered="1"/></method><method name="exitIgnore" desc="(Lorg/jqassistant/plugin/c4/antlr/C4Parser$IgnoreContext;)V" line="61"><counter type="INSTRUCTION" missed="0" covered="1"/><counter type="LINE" missed="0" covered="1"/><counter type="COMPLEXITY" missed="0" covered="1"/><counter type="METHOD" missed="0" covered="1"/></method><method name="enterC4Element" desc="(Lorg/jqassistant/plugin/c4/antlr/C4Parser$C4ElementContext;)V" line="67"><counter type="INSTRUCTION" missed="0" covered="1"/><counter type="LINE" missed="0" covered="1"/><counter type="COMPLEXITY" missed="0" covered="1"/><counter type="METHOD" missed="0" covered="1"/></method><method name="exitC4Element" desc="(Lorg/jqassistant/plugin/c4/antlr/C4Parser$C4ElementContext;)V" line="73"><counter type="INSTRUCTION" missed="0" covered="1"/><counter type="LINE" missed="0" covered="1"/><counter type="COMPLEXITY" missed="0" covered="1"/><counter type="METHOD" missed="0" covered="1"/></method><method name="enterHierarchy" desc="(Lorg/jqassistant/plugin/c4/antlr/C4Parser$HierarchyContext;)V" line="79"><counter type="INSTRUCTION" missed="1" covered="0"/><counter type="LINE" missed="1" covered="0"/><counter type="COMPLEXITY" missed="1" covered="0"/><counter type="METHOD" missed="1" covered="0"/></method><method name="exitHierarchy" desc="(Lorg/jqassistant/plugin/c4/antlr/C4Parser$HierarchyContext;)V" line="85"><counter type="INSTRUCTION" missed="1" covered="0"/><counter type="LINE" missed="1" covered="0"/><counter type="COMPLEXITY" missed="1" covered="0"/><counter type="METHOD" missed="1" covered="0"/></method><method name="enterComponent" desc="(Lorg/jqassistant/plugin/c4/antlr/C4Parser$ComponentContext;)V" line="91"><counter type="INSTRUCTION" missed="0" covered="1"/><counter type="LINE" missed="0" covered="1"/><counter type="COMPLEXITY" missed="0" covered="1"/><counter type="METHOD" missed="0" covered="1"/></method><method name="exitComponent" desc="(Lorg/jqassistant/plugin/c4/antlr/C4Parser$ComponentContext;)V" line="97"><counter type="INSTRUCTION" missed="1" covered="0"/><counter type="LINE" missed="1" covered="0"/><counter type="COMPLEXITY" missed="1" covered="0"/><counter type="METHOD" missed="1" covered="0"/></method><method name="enterContainer" desc="(Lorg/jqassistant/plugin/c4/antlr/C4Parser$ContainerContext;)V" line="103"><counter type="INSTRUCTION" missed="0" covered="1"/><counter type="LINE" missed="0" covered="1"/><counter type="COMPLEXITY" missed="0" covered="1"/><counter type="METHOD" missed="0" covered="1"/></method><method name="exitContainer" desc="(Lorg/jqassistant/plugin/c4/antlr/C4Parser$ContainerContext;)V" line="109"><counter type="INSTRUCTION" missed="1" covered="0"/><counter type="LINE" missed="1" covered="0"/><counter type="COMPLEXITY" missed="1" covered="0"/><counter type="METHOD" missed="1" covered="0"/></method><method name="enterSystem" desc="(Lorg/jqassistant/plugin/c4/antlr/C4Parser$SystemContext;)V" line="115"><counter type="INSTRUCTION" missed="0" covered="1"/><counter type="LINE" missed="0" covered="1"/><counter type="COMPLEXITY" missed="0" covered="1"/><counter type="METHOD" missed="0" covered="1"/></method><method name="exitSystem" desc="(Lorg/jqassistant/plugin/c4/antlr/C4Parser$SystemContext;)V" line="121"><counter type="INSTRUCTION" missed="1" covered="0"/><counter type="LINE" missed="1" covered="0"/><counter type="COMPLEXITY" missed="1" covered="0"/><counter type="METHOD" missed="1" covered="0"/></method><method name="enterPerson" desc="(Lorg/jqassistant/plugin/c4/antlr/C4Parser$PersonContext;)V" line="127"><counter type="INSTRUCTION" missed="0" covered="1"/><counter type="LINE" missed="0" covered="1"/><counter type="COMPLEXITY" missed="0" covered="1"/><counter type="METHOD" missed="0" covered="1"/></method><method name="exitPerson" desc="(Lorg/jqassistant/plugin/c4/antlr/C4Parser$PersonContext;)V" line="133"><counter type="INSTRUCTION" missed="1" covered="0"/><counter type="LINE" missed="1" covered="0"/><counter type="COMPLEXITY" missed="1" covered="0"/><counter type="METHOD" missed="1" covered="0"/></method><method name="enterBoundary" desc="(Lorg/jqassistant/plugin/c4/antlr/C4Parser$BoundaryContext;)V" line="139"><counter type="INSTRUCTION" missed="0" covered="1"/><counter type="LINE" missed="0" covered="1"/><counter type="COMPLEXITY" missed="0" covered="1"/><counter type="METHOD" missed="0" covered="1"/></method><method name="exitBoundary" desc="(Lorg/jqassistant/plugin/c4/antlr/C4Parser$BoundaryContext;)V" line="145"><counter type="INSTRUCTION" missed="1" covered="0"/><counter type="LINE" missed="1" covered="0"/><counter type="COMPLEXITY" missed="1" covered="0"/><counter type="METHOD" missed="1" covered="0"/></method><method name="enterParamList" desc="(Lorg/jqassistant/plugin/c4/antlr/C4Parser$ParamListContext;)V" line="151"><counter type="INSTRUCTION" missed="0" covered="1"/><counter type="LINE" missed="0" covered="1"/><counter type="COMPLEXITY" missed="0" covered="1"/><counter type="METHOD" missed="0" covered="1"/></method><method name="exitParamList" desc="(Lorg/jqassistant/plugin/c4/antlr/C4Parser$ParamListContext;)V" line="157"><counter type="INSTRUCTION" missed="0" covered="1"/><counter type="LINE" missed="0" covered="1"/><counter type="COMPLEXITY" missed="0" covered="1"/><counter type="METHOD" missed="0" covered="1"/></method><method name="enterSystemParamList" desc="(Lorg/jqassistant/plugin/c4/antlr/C4Parser$SystemParamListContext;)V" line="163"><counter type="INSTRUCTION" missed="0" covered="1"/><counter type="LINE" missed="0" covered="1"/><counter type="COMPLEXITY" missed="0" covered="1"/><counter type="METHOD" missed="0" covered="1"/></method><method name="exitSystemParamList" desc="(Lorg/jqassistant/plugin/c4/antlr/C4Parser$SystemParamListContext;)V" line="169"><counter type="INSTRUCTION" missed="0" covered="1"/><counter type="LINE" missed="0" covered="1"/><counter type="COMPLEXITY" missed="0" covered="1"/><counter type="METHOD" missed="0" covered="1"/></method><method name="enterGenericBoundaryParamList" desc="(Lorg/jqassistant/plugin/c4/antlr/C4Parser$GenericBoundaryParamListContext;)V" line="175"><counter type="INSTRUCTION" missed="0" covered="1"/><counter type="LINE" missed="0" covered="1"/><counter type="COMPLEXITY" missed="0" covered="1"/><counter type="METHOD" missed="0" covered="1"/></method><method name="exitGenericBoundaryParamList" desc="(Lorg/jqassistant/plugin/c4/antlr/C4Parser$GenericBoundaryParamListContext;)V" line="181"><counter type="INSTRUCTION" missed="0" covered="1"/><counter type="LINE" missed="0" covered="1"/><counter type="COMPLEXITY" missed="0" covered="1"/><counter type="METHOD" missed="0" covered="1"/></method><method name="enterBoundaryParamList" desc="(Lorg/jqassistant/plugin/c4/antlr/C4Parser$BoundaryParamListContext;)V" line="187"><counter type="INSTRUCTION" missed="0" covered="1"/><counter type="LINE" missed="0" covered="1"/><counter type="COMPLEXITY" missed="0" covered="1"/><counter type="METHOD" missed="0" covered="1"/></method><method name="exitBoundaryParamList" desc="(Lorg/jqassistant/plugin/c4/antlr/C4Parser$BoundaryParamListContext;)V" line="193"><counter type="INSTRUCTION" missed="0" covered="1"/><counter type="LINE" missed="0" covered="1"/><counter type="COMPLEXITY" missed="0" covered="1"/><counter type="METHOD" missed="0" covered="1"/></method><method name="enterRel" desc="(Lorg/jqassistant/plugin/c4/antlr/C4Parser$RelContext;)V" line="199"><counter type="INSTRUCTION" missed="0" covered="1"/><counter type="LINE" missed="0" covered="1"/><counter type="COMPLEXITY" missed="0" covered="1"/><counter type="METHOD" missed="0" covered="1"/></method><method name="exitRel" desc="(Lorg/jqassistant/plugin/c4/antlr/C4Parser$RelContext;)V" line="205"><counter type="INSTRUCTION" missed="1" covered="0"/><counter type="LINE" missed="1" covered="0"/><counter type="COMPLEXITY" missed="1" covered="0"/><counter type="METHOD" missed="1" covered="0"/></method><method name="enterBiRel" desc="(Lorg/jqassistant/plugin/c4/antlr/C4Parser$BiRelContext;)V" line="211"><counter type="INSTRUCTION" missed="0" covered="1"/><counter type="LINE" missed="0" covered="1"/><counter type="COMPLEXITY" missed="0" covered="1"/><counter type="METHOD" missed="0" covered="1"/></method><method name="exitBiRel" desc="(Lorg/jqassistant/plugin/c4/antlr/C4Parser$BiRelContext;)V" line="217"><counter type="INSTRUCTION" missed="1" covered="0"/><counter type="LINE" missed="1" covered="0"/><counter type="COMPLEXITY" missed="1" covered="0"/><counter type="METHOD" missed="1" covered="0"/></method><method name="enterRelParamList" desc="(Lorg/jqassistant/plugin/c4/antlr/C4Parser$RelParamListContext;)V" line="223"><counter type="INSTRUCTION" missed="0" covered="1"/><counter type="LINE" missed="0" covered="1"/><counter type="COMPLEXITY" missed="0" covered="1"/><counter type="METHOD" missed="0" covered="1"/></method><method name="exitRelParamList" desc="(Lorg/jqassistant/plugin/c4/antlr/C4Parser$RelParamListContext;)V" line="229"><counter type="INSTRUCTION" missed="0" covered="1"/><counter type="LINE" missed="0" covered="1"/><counter type="COMPLEXITY" missed="0" covered="1"/><counter type="METHOD" missed="0" covered="1"/></method><method name="enterEveryRule" desc="(Lorg/antlr/v4/runtime/ParserRuleContext;)V" line="236"><counter type="INSTRUCTION" missed="0" covered="1"/><counter type="LINE" missed="0" covered="1"/><counter type="COMPLEXITY" missed="0" covered="1"/><counter type="METHOD" missed="0" covered="1"/></method><method name="exitEveryRule" desc="(Lorg/antlr/v4/runtime/ParserRuleContext;)V" line="242"><counter type="INSTRUCTION" missed="0" covered="1"/><counter type="LINE" missed="0" covered="1"/><counter type="COMPLEXITY" missed="0" covered="1"/><counter type="METHOD" missed="0" covered="1"/></method><method name="visitTerminal" desc="(Lorg/antlr/v4/runtime/tree/TerminalNode;)V" line="248"><counter type="INSTRUCTION" missed="0" covered="1"/><counter type="LINE" missed="0" covered="1"/><counter type="COMPLEXITY" missed="0" covered="1"/><counter type="METHOD" missed="0" covered="1"/></method><method name="visitErrorNode" desc="(Lorg/antlr/v4/runtime/tree/ErrorNode;)V" line="254"><counter type="INSTRUCTION" missed="1" covered="0"/><counter type="LINE" missed="1" covered="0"/><counter type="COMPLEXITY" missed="1" covered="0"/><counter type="METHOD" missed="1" covered="0"/></method><counter type="INSTRUCTION" missed="12" covered="31"/><counter type="LINE" missed="12" covered="29"/><counter type="COMPLEXITY" missed="12" covered="29"/><counter type="METHOD" missed="12" covered="29"/><counter type="CLASS" missed="0" covered="1"/></class><class name="org/jqassistant/plugin/c4/antlr/C4Parser$AddPropertyContext" sourcefilename="C4Parser.java"><method name="AddProperty" desc="()Lorg/antlr/v4/runtime/tree/TerminalNode;" line="501"><counter type="INSTRUCTION" missed="5" covered="0"/><counter type="LINE" missed="1" covered="0"/><counter type="COMPLEXITY" missed="1" covered="0"/><counter type="METHOD" missed="1" covered="0"/></method><method name="LB" desc="()Lorg/antlr/v4/runtime/tree/TerminalNode;" line="502"><counter type="INSTRUCTION" missed="5" covered="0"/><counter type="LINE" missed="1" covered="0"/><counter type="COMPLEXITY" missed="1" covered="0"/><counter type="METHOD" missed="1" covered="0"/></method><method name="CM" desc="()Lorg/antlr/v4/runtime/tree/TerminalNode;" line="503"><counter type="INSTRUCTION" missed="5" covered="0"/><counter type="LINE" missed="1" covered="0"/><counter type="COMPLEXITY" missed="1" covered="0"/><counter type="METHOD" missed="1" covered="0"/></method><method name="RB" desc="()Lorg/antlr/v4/runtime/tree/TerminalNode;" line="504"><counter type="INSTRUCTION" missed="5" covered="0"/><counter type="LINE" missed="1" covered="0"/><counter type="COMPLEXITY" missed="1" covered="0"/><counter type="METHOD" missed="1" covered="0"/></method><method name="Param" desc="()Ljava/util/List;" line="505"><counter type="INSTRUCTION" missed="4" covered="0"/><counter type="LINE" missed="1" covered="0"/><counter type="COMPLEXITY" missed="1" covered="0"/><counter type="METHOD" missed="1" covered="0"/></method><method name="Param" desc="(I)Lorg/antlr/v4/runtime/tree/TerminalNode;" line="507"><counter type="INSTRUCTION" missed="5" covered="0"/><counter type="LINE" missed="1" covered="0"/><counter type="COMPLEXITY" missed="1" covered="0"/><counter type="METHOD" missed="1" covered="0"/></method><method name="&lt;init&gt;" desc="(Lorg/antlr/v4/runtime/ParserRuleContext;I)V" line="510"><counter type="INSTRUCTION" missed="0" covered="5"/><counter type="LINE" missed="0" covered="2"/><counter type="COMPLEXITY" missed="0" covered="1"/><counter type="METHOD" missed="0" covered="1"/></method><method name="getRuleIndex" desc="()I" line="512"><counter type="INSTRUCTION" missed="2" covered="0"/><counter type="LINE" missed="1" covered="0"/><counter type="COMPLEXITY" missed="1" covered="0"/><counter type="METHOD" missed="1" covered="0"/></method><method name="enterRule" desc="(Lorg/antlr/v4/runtime/tree/ParseTreeListener;)V" line="515"><counter type="INSTRUCTION" missed="0" covered="8"/><counter type="BRANCH" missed="1" covered="1"/><counter type="LINE" missed="0" covered="2"/><counter type="COMPLEXITY" missed="1" covered="1"/><counter type="METHOD" missed="0" covered="1"/></method><method name="exitRule" desc="(Lorg/antlr/v4/runtime/tree/ParseTreeListener;)V" line="519"><counter type="INSTRUCTION" missed="0" covered="8"/><counter type="BRANCH" missed="1" covered="1"/><counter type="LINE" missed="0" covered="2"/><counter type="COMPLEXITY" missed="1" covered="1"/><counter type="METHOD" missed="0" covered="1"/></method><counter type="INSTRUCTION" missed="31" covered="21"/><counter type="BRANCH" missed="2" covered="2"/><counter type="LINE" missed="7" covered="6"/><counter type="COMPLEXITY" missed="9" covered="3"/><counter type="METHOD" missed="7" covered="3"/><counter type="CLASS" missed="0" covered="1"/></class><class name="org/jqassistant/plugin/c4/antlr/C4Parser$SystemContext" sourcefilename="C4Parser.java"><method name="systemParamList" desc="()Lorg/jqassistant/plugin/c4/antlr/C4Parser$SystemParamListContext;" line="972"><counter type="INSTRUCTION" missed="0" covered="6"/><counter type="LINE" missed="0" covered="1"/><counter type="COMPLEXITY" missed="0" covered="1"/><counter type="METHOD" missed="0" covered="1"/></method><method name="System" desc="()Lorg/antlr/v4/runtime/tree/TerminalNode;" line="974"><counter type="INSTRUCTION" missed="5" covered="0"/><counter type="LINE" missed="1" covered="0"/><counter type="COMPLEXITY" missed="1" covered="0"/><counter type="METHOD" missed="1" covered="0"/></method><method name="SystemExt" desc="()Lorg/antlr/v4/runtime/tree/TerminalNode;" line="975"><counter type="INSTRUCTION" missed="5" covered="0"/><counter type="LINE" missed="1" covered="0"/><counter type="COMPLEXITY" missed="1" covered="0"/><counter type="METHOD" missed="1" covered="0"/></method><method name="SystemDb" desc="()Lorg/antlr/v4/runtime/tree/TerminalNode;" line="976"><counter type="INSTRUCTION" missed="5" covered="0"/><counter type="LINE" missed="1" covered="0"/><counter type="COMPLEXITY" missed="1" covered="0"/><counter type="METHOD" missed="1" covered="0"/></method><method name="SystemDbExt" desc="()Lorg/antlr/v4/runtime/tree/TerminalNode;" line="977"><counter type="INSTRUCTION" missed="5" covered="0"/><counter type="LINE" missed="1" covered="0"/><counter type="COMPLEXITY" missed="1" covered="0"/><counter type="METHOD" missed="1" covered="0"/></method><method name="SystemQueue" desc="()Lorg/antlr/v4/runtime/tree/TerminalNode;" line="978"><counter type="INSTRUCTION" missed="5" covered="0"/><counter type="LINE" missed="1" covered="0"/><counter type="COMPLEXITY" missed="1" covered="0"/><counter type="METHOD" missed="1" covered="0"/></method><method name="SystemQueueExt" desc="()Lorg/antlr/v4/runtime/tree/TerminalNode;" line="979"><counter type="INSTRUCTION" missed="5" covered="0"/><counter type="LINE" missed="1" covered="0"/><counter type="COMPLEXITY" missed="1" covered="0"/><counter type="METHOD" missed="1" covered="0"/></method><method name="&lt;init&gt;" desc="(Lorg/antlr/v4/runtime/ParserRuleContext;I)V" line="981"><counter type="INSTRUCTION" missed="0" covered="5"/><counter type="LINE" missed="0" covered="2"/><counter type="COMPLEXITY" missed="0" covered="1"/><counter type="METHOD" missed="0" covered="1"/></method><method name="getRuleIndex" desc="()I" line="983"><counter type="INSTRUCTION" missed="2" covered="0"/><counter type="LINE" missed="1" covered="0"/><counter type="COMPLEXITY" missed="1" covered="0"/><counter type="METHOD" missed="1" covered="0"/></method><method name="enterRule" desc="(Lorg/antlr/v4/runtime/tree/ParseTreeListener;)V" line="986"><counter type="INSTRUCTION" missed="0" covered="8"/><counter type="BRANCH" missed="1" covered="1"/><counter type="LINE" missed="0" covered="2"/><counter type="COMPLEXITY" missed="1" covered="1"/><counter type="METHOD" missed="0" covered="1"/></method><method name="exitRule" desc="(Lorg/antlr/v4/runtime/tree/ParseTreeListener;)V" line="990"><counter type="INSTRUCTION" missed="0" covered="8"/><counter type="BRANCH" missed="1" covered="1"/><counter type="LINE" missed="0" covered="2"/><counter type="COMPLEXITY" missed="1" covered="1"/><counter type="METHOD" missed="0" covered="1"/></method><counter type="INSTRUCTION" missed="32" covered="27"/><counter type="BRANCH" missed="2" covered="2"/><counter type="LINE" missed="7" covered="7"/><counter type="COMPLEXITY" missed="9" covered="4"/><counter type="METHOD" missed="7" covered="4"/><counter type="CLASS" missed="0" covered="1"/></class><class name="org/jqassistant/plugin/c4/antlr/C4Listener" sourcefilename="C4Listener.java"/><class name="org/jqassistant/plugin/c4/antlr/C4Parser$ParamListContext" sourcefilename="C4Parser.java"><method name="LB" desc="()Lorg/antlr/v4/runtime/tree/TerminalNode;" line="1219"><counter type="INSTRUCTION" missed="5" covered="0"/><counter type="LINE" missed="1" covered="0"/><counter type="COMPLEXITY" missed="1" covered="0"/><counter type="METHOD" missed="1" covered="0"/></method><method name="CM" desc="()Ljava/util/List;" line="1220"><counter type="INSTRUCTION" missed="4" covered="0"/><counter type="LINE" missed="1" covered="0"/><counter type="COMPLEXITY" missed="1" covered="0"/><counter type="METHOD" missed="1" covered="0"/></method><method name="CM" desc="(I)Lorg/antlr/v4/runtime/tree/TerminalNode;" line="1222"><counter type="INSTRUCTION" missed="5" covered="0"/><counter type="LINE" missed="1" covered="0"/><counter type="COMPLEXITY" missed="1" covered="0"/><counter type="METHOD" missed="1" covered="0"/></method><method name="RB" desc="()Lorg/antlr/v4/runtime/tree/TerminalNode;" line="1224"><counter type="INSTRUCTION" missed="5" covered="0"/><counter type="LINE" missed="1" covered="0"/><counter type="COMPLEXITY" missed="1" covered="0"/><counter type="METHOD" missed="1" covered="0"/></method><method name="Param" desc="()Ljava/util/List;" line="1225"><counter type="INSTRUCTION" missed="4" covered="0"/><counter type="LINE" missed="1" covered="0"/><counter type="COMPLEXITY" missed="1" covered="0"/><counter type="METHOD" missed="1" covered="0"/></method><method name="Param" desc="(I)Lorg/antlr/v4/runtime/tree/TerminalNode;" line="1227"><counter type="INSTRUCTION" missed="5" covered="0"/><counter type="LINE" missed="1" covered="0"/><counter type="COMPLEXITY" missed="1" covered="0"/><counter type="METHOD" missed="1" covered="0"/></method><method name="&lt;init&gt;" desc="(Lorg/antlr/v4/runtime/ParserRuleContext;I)V" line="1230"><counter type="INSTRUCTION" missed="0" covered="5"/><counter type="LINE" missed="0" covered="2"/><counter type="COMPLEXITY" missed="0" covered="1"/><counter type="METHOD" missed="0" covered="1"/></method><method name="getRuleIndex" desc="()I" line="1232"><counter type="INSTRUCTION" missed="2" covered="0"/><counter type="LINE" missed="1" covered="0"/><counter type="COMPLEXITY" missed="1" covered="0"/><counter type="METHOD" missed="1" covered="0"/></method><method name="enterRule" desc="(Lorg/antlr/v4/runtime/tree/ParseTreeListener;)V" line="1235"><counter type="INSTRUCTION" missed="0" covered="8"/><counter type="BRANCH" missed="1" covered="1"/><counter type="LINE" missed="0" covered="2"/><counter type="COMPLEXITY" missed="1" covered="1"/><counter type="METHOD" missed="0" covered="1"/></method><method name="exitRule" desc="(Lorg/antlr/v4/runtime/tree/ParseTreeListener;)V" line="1239"><counter type="INSTRUCTION" missed="0" covered="8"/><counter type="BRANCH" missed="1" covered="1"/><counter type="LINE" missed="0" covered="2"/><counter type="COMPLEXITY" missed="1" covered="1"/><counter type="METHOD" missed="0" covered="1"/></method><counter type="INSTRUCTION" missed="30" covered="21"/><counter type="BRANCH" missed="2" covered="2"/><counter type="LINE" missed="7" covered="6"/><counter type="COMPLEXITY" missed="9" covered="3"/><counter type="METHOD" missed="7" covered="3"/><counter type="CLASS" missed="0" covered="1"/></class><class name="org/jqassistant/plugin/c4/antlr/C4Parser$RelParamListContext" sourcefilename="C4Parser.java"><method name="LB" desc="()Lorg/antlr/v4/runtime/tree/TerminalNode;" line="1714"><counter type="INSTRUCTION" missed="5" covered="0"/><counter type="LINE" missed="1" covered="0"/><counter type="COMPLEXITY" missed="1" covered="0"/><counter type="METHOD" missed="1" covered="0"/></method><method name="CM" desc="()Ljava/util/List;" line="1715"><counter type="INSTRUCTION" missed="4" covered="0"/><counter type="LINE" missed="1" covered="0"/><counter type="COMPLEXITY" missed="1" covered="0"/><counter type="METHOD" missed="1" covered="0"/></method><method name="CM" desc="(I)Lorg/antlr/v4/runtime/tree/TerminalNode;" line="1717"><counter type="INSTRUCTION" missed="5" covered="0"/><counter type="LINE" missed="1" covered="0"/><counter type="COMPLEXITY" missed="1" covered="0"/><counter type="METHOD" missed="1" covered="0"/></method><method name="RB" desc="()Lorg/antlr/v4/runtime/tree/TerminalNode;" line="1719"><counter type="INSTRUCTION" missed="5" covered="0"/><counter type="LINE" missed="1" covered="0"/><counter type="COMPLEXITY" missed="1" covered="0"/><counter type="METHOD" missed="1" covered="0"/></method><method name="Param" desc="()Ljava/util/List;" line="1720"><counter type="INSTRUCTION" missed="4" covered="0"/><counter type="LINE" missed="1" covered="0"/><counter type="COMPLEXITY" missed="1" covered="0"/><counter type="METHOD" missed="1" covered="0"/></method><method name="Param" desc="(I)Lorg/antlr/v4/runtime/tree/TerminalNode;" line="1722"><counter type="INSTRUCTION" missed="5" covered="0"/><counter type="LINE" missed="1" covered="0"/><counter type="COMPLEXITY" missed="1" covered="0"/><counter type="METHOD" missed="1" covered="0"/></method><method name="&lt;init&gt;" desc="(Lorg/antlr/v4/runtime/ParserRuleContext;I)V" line="1725"><counter type="INSTRUCTION" missed="0" covered="5"/><counter type="LINE" missed="0" covered="2"/><counter type="COMPLEXITY" missed="0" covered="1"/><counter type="METHOD" missed="0" covered="1"/></method><method name="getRuleIndex" desc="()I" line="1727"><counter type="INSTRUCTION" missed="2" covered="0"/><counter type="LINE" missed="1" covered="0"/><counter type="COMPLEXITY" missed="1" covered="0"/><counter type="METHOD" missed="1" covered="0"/></method><method name="enterRule" desc="(Lorg/antlr/v4/runtime/tree/ParseTreeListener;)V" line="1730"><counter type="INSTRUCTION" missed="0" covered="8"/><counter type="BRANCH" missed="1" covered="1"/><counter type="LINE" missed="0" covered="2"/><counter type="COMPLEXITY" missed="1" covered="1"/><counter type="METHOD" missed="0" covered="1"/></method><method name="exitRule" desc="(Lorg/antlr/v4/runtime/tree/ParseTreeListener;)V" line="1734"><counter type="INSTRUCTION" missed="0" covered="8"/><counter type="BRANCH" missed="1" covered="1"/><counter type="LINE" missed="0" covered="2"/><counter type="COMPLEXITY" missed="1" covered="1"/><counter type="METHOD" missed="0" covered="1"/></method><counter type="INSTRUCTION" missed="30" covered="21"/><counter type="BRANCH" missed="2" covered="2"/><counter type="LINE" missed="7" covered="6"/><counter type="COMPLEXITY" missed="9" covered="3"/><counter type="METHOD" missed="7" covered="3"/><counter type="CLASS" missed="0" covered="1"/></class><class name="org/jqassistant/plugin/c4/antlr/C4Parser$PersonContext" sourcefilename="C4Parser.java"><method name="systemParamList" desc="()Lorg/jqassistant/plugin/c4/antlr/C4Parser$SystemParamListContext;" line="1066"><counter type="INSTRUCTION" missed="0" covered="6"/><counter type="LINE" missed="0" covered="1"/><counter type="COMPLEXITY" missed="0" covered="1"/><counter type="METHOD" missed="0" covered="1"/></method><method name="Person" desc="()Lorg/antlr/v4/runtime/tree/TerminalNode;" line="1068"><counter type="INSTRUCTION" missed="5" covered="0"/><counter type="LINE" missed="1" covered="0"/><counter type="COMPLEXITY" missed="1" covered="0"/><counter type="METHOD" missed="1" covered="0"/></method><method name="PersonExt" desc="()Lorg/antlr/v4/runtime/tree/TerminalNode;" line="1069"><counter type="INSTRUCTION" missed="5" covered="0"/><counter type="LINE" missed="1" covered="0"/><counter type="COMPLEXITY" missed="1" covered="0"/><counter type="METHOD" missed="1" covered="0"/></method><method name="&lt;init&gt;" desc="(Lorg/antlr/v4/runtime/ParserRuleContext;I)V" line="1071"><counter type="INSTRUCTION" missed="0" covered="5"/><counter type="LINE" missed="0" covered="2"/><counter type="COMPLEXITY" missed="0" covered="1"/><counter type="METHOD" missed="0" covered="1"/></method><method name="getRuleIndex" desc="()I" line="1073"><counter type="INSTRUCTION" missed="2" covered="0"/><counter type="LINE" missed="1" covered="0"/><counter type="COMPLEXITY" missed="1" covered="0"/><counter type="METHOD" missed="1" covered="0"/></method><method name="enterRule" desc="(Lorg/antlr/v4/runtime/tree/ParseTreeListener;)V" line="1076"><counter type="INSTRUCTION" missed="0" covered="8"/><counter type="BRANCH" missed="1" covered="1"/><counter type="LINE" missed="0" covered="2"/><counter type="COMPLEXITY" missed="1" covered="1"/><counter type="METHOD" missed="0" covered="1"/></method><method name="exitRule" desc="(Lorg/antlr/v4/runtime/tree/ParseTreeListener;)V" line="1080"><counter type="INSTRUCTION" missed="0" covered="8"/><counter type="BRANCH" missed="1" covered="1"/><counter type="LINE" missed="0" covered="2"/><counter type="COMPLEXITY" missed="1" covered="1"/><counter type="METHOD" missed="0" covered="1"/></method><counter type="INSTRUCTION" missed="12" covered="27"/><counter type="BRANCH" missed="2" covered="2"/><counter type="LINE" missed="3" covered="7"/><counter type="COMPLEXITY" missed="5" covered="4"/><counter type="METHOD" missed="3" covered="4"/><counter type="CLASS" missed="0" covered="1"/></class><class name="org/jqassistant/plugin/c4/antlr/C4Parser$HierarchyContext" sourcefilename="C4Parser.java"><method name="RCB" desc="()Lorg/antlr/v4/runtime/tree/TerminalNode;" line="698"><counter type="INSTRUCTION" missed="5" covered="0"/><counter type="LINE" missed="1" covered="0"/><counter type="COMPLEXITY" missed="1" covered="0"/><counter type="METHOD" missed="1" covered="0"/></method><method name="LCB" desc="()Lorg/antlr/v4/runtime/tree/TerminalNode;" line="699"><counter type="INSTRUCTION" missed="5" covered="0"/><counter type="LINE" missed="1" covered="0"/><counter type="COMPLEXITY" missed="1" covered="0"/><counter type="METHOD" missed="1" covered="0"/></method><method name="NL" desc="()Ljava/util/List;" line="700"><counter type="INSTRUCTION" missed="4" covered="0"/><counter type="LINE" missed="1" covered="0"/><counter type="COMPLEXITY" missed="1" covered="0"/><counter type="METHOD" missed="1" covered="0"/></method><method name="NL" desc="(I)Lorg/antlr/v4/runtime/tree/TerminalNode;" line="702"><counter type="INSTRUCTION" missed="5" covered="0"/><counter type="LINE" missed="1" covered="0"/><counter type="COMPLEXITY" missed="1" covered="0"/><counter type="METHOD" missed="1" covered="0"/></method><method name="element" desc="()Ljava/util/List;" line="705"><counter type="INSTRUCTION" missed="4" covered="0"/><counter type="LINE" missed="1" covered="0"/><counter type="COMPLEXITY" missed="1" covered="0"/><counter type="METHOD" missed="1" covered="0"/></method><method name="element" desc="(I)Lorg/jqassistant/plugin/c4/antlr/C4Parser$ElementContext;" line="708"><counter type="INSTRUCTION" missed="6" covered="0"/><counter type="LINE" missed="1" covered="0"/><counter type="COMPLEXITY" missed="1" covered="0"/><counter type="METHOD" missed="1" covered="0"/></method><method name="&lt;init&gt;" desc="(Lorg/antlr/v4/runtime/ParserRuleContext;I)V" line="711"><counter type="INSTRUCTION" missed="0" covered="5"/><counter type="LINE" missed="0" covered="2"/><counter type="COMPLEXITY" missed="0" covered="1"/><counter type="METHOD" missed="0" covered="1"/></method><method name="getRuleIndex" desc="()I" line="713"><counter type="INSTRUCTION" missed="2" covered="0"/><counter type="LINE" missed="1" covered="0"/><counter type="COMPLEXITY" missed="1" covered="0"/><counter type="METHOD" missed="1" covered="0"/></method><method name="enterRule" desc="(Lorg/antlr/v4/runtime/tree/ParseTreeListener;)V" line="716"><counter type="INSTRUCTION" missed="0" covered="8"/><counter type="BRANCH" missed="1" covered="1"/><counter type="LINE" missed="0" covered="2"/><counter type="COMPLEXITY" missed="1" covered="1"/><counter type="METHOD" missed="0" covered="1"/></method><method name="exitRule" desc="(Lorg/antlr/v4/runtime/tree/ParseTreeListener;)V" line="720"><counter type="INSTRUCTION" missed="0" covered="8"/><counter type="BRANCH" missed="1" covered="1"/><counter type="LINE" missed="0" covered="2"/><counter type="COMPLEXITY" missed="1" covered="1"/><counter type="METHOD" missed="0" covered="1"/></method><counter type="INSTRUCTION" missed="31" covered="21"/><counter type="BRANCH" missed="2" covered="2"/><counter type="LINE" missed="7" covered="6"/><counter type="COMPLEXITY" missed="9" covered="3"/><counter type="METHOD" missed="7" covered="3"/><counter type="CLASS" missed="0" covered="1"/></class><class name="org/jqassistant/plugin/c4/antlr/C4Parser$C4Context" sourcefilename="C4Parser.java"><method name="Startuml" desc="()Lorg/antlr/v4/runtime/tree/TerminalNode;" line="121"><counter type="INSTRUCTION" missed="5" covered="0"/><counter type="LINE" missed="1" covered="0"/><counter type="COMPLEXITY" missed="1" covered="0"/><counter type="METHOD" missed="1" covered="0"/></method><method name="Enduml" desc="()Lorg/antlr/v4/runtime/tree/TerminalNode;" line="122"><counter type="INSTRUCTION" missed="5" covered="0"/><counter type="LINE" missed="1" covered="0"/><counter type="COMPLEXITY" missed="1" covered="0"/><counter type="METHOD" missed="1" covered="0"/></method><method name="EOF" desc="()Lorg/antlr/v4/runtime/tree/TerminalNode;" line="123"><counter type="INSTRUCTION" missed="5" covered="0"/><counter type="LINE" missed="1" covered="0"/><counter type="COMPLEXITY" missed="1" covered="0"/><counter type="METHOD" missed="1" covered="0"/></method><method name="NL" desc="()Ljava/util/List;" line="124"><counter type="INSTRUCTION" missed="4" covered="0"/><counter type="LINE" missed="1" covered="0"/><counter type="COMPLEXITY" missed="1" covered="0"/><counter type="METHOD" missed="1" covered="0"/></method><method name="NL" desc="(I)Lorg/antlr/v4/runtime/tree/TerminalNode;" line="126"><counter type="INSTRUCTION" missed="5" covered="0"/><counter type="LINE" missed="1" covered="0"/><counter type="COMPLEXITY" missed="1" covered="0"/><counter type="METHOD" missed="1" covered="0"/></method><method name="Preproc" desc="()Ljava/util/List;" line="128"><counter type="INSTRUCTION" missed="4" covered="0"/><counter type="LINE" missed="1" covered="0"/><counter type="COMPLEXITY" missed="1" covered="0"/><counter type="METHOD" missed="1" covered="0"/></method><method name="Preproc" desc="(I)Lorg/antlr/v4/runtime/tree/TerminalNode;" line="130"><counter type="INSTRUCTION" missed="5" covered="0"/><counter type="LINE" missed="1" covered="0"/><counter type="COMPLEXITY" missed="1" covered="0"/><counter type="METHOD" missed="1" covered="0"/></method><method name="Skinparam" desc="()Ljava/util/List;" line="132"><counter type="INSTRUCTION" missed="4" covered="0"/><counter type="LINE" missed="1" covered="0"/><counter type="COMPLEXITY" missed="1" covered="0"/><counter type="METHOD" missed="1" covered="0"/></method><method name="Skinparam" desc="(I)Lorg/antlr/v4/runtime/tree/TerminalNode;" line="134"><counter type="INSTRUCTION" missed="5" covered="0"/><counter type="LINE" missed="1" covered="0"/><counter type="COMPLEXITY" missed="1" covered="0"/><counter type="METHOD" missed="1" covered="0"/></method><method name="element" desc="()Ljava/util/List;" line="137"><counter type="INSTRUCTION" missed="4" covered="0"/><counter type="LINE" missed="1" covered="0"/><counter type="COMPLEXITY" missed="1" covered="0"/><counter type="METHOD" missed="1" covered="0"/></method><method name="element" desc="(I)Lorg/jqassistant/plugin/c4/antlr/C4Parser$ElementContext;" line="140"><counter type="INSTRUCTION" missed="6" covered="0"/><counter type="LINE" missed="1" covered="0"/><counter type="COMPLEXITY" missed="1" covered="0"/><counter type="METHOD" missed="1" covered="0"/></method><method name="ShowLegend" desc="()Lorg/antlr/v4/runtime/tree/TerminalNode;" line="142"><counter type="INSTRUCTION" missed="5" covered="0"/><counter type="LINE" missed="1" covered="0"/><counter type="COMPLEXITY" missed="1" covered="0"/><counter type="METHOD" missed="1" covered="0"/></method><method name="Param" desc="()Lorg/antlr/v4/runtime/tree/TerminalNode;" line="143"><counter type="INSTRUCTION" missed="5" covered="0"/><counter type="LINE" missed="1" covered="0"/><counter type="COMPLEXITY" missed="1" covered="0"/><counter type="METHOD" missed="1" covered="0"/></method><method name="&lt;init&gt;" desc="(Lorg/antlr/v4/runtime/ParserRuleContext;I)V" line="145"><counter type="INSTRUCTION" missed="0" covered="5"/><counter type="LINE" missed="0" covered="2"/><counter type="COMPLEXITY" missed="0" covered="1"/><counter type="METHOD" missed="0" covered="1"/></method><method name="getRuleIndex" desc="()I" line="147"><counter type="INSTRUCTION" missed="2" covered="0"/><counter type="LINE" missed="1" covered="0"/><counter type="COMPLEXITY" missed="1" covered="0"/><counter type="METHOD" missed="1" covered="0"/></method><method name="enterRule" desc="(Lorg/antlr/v4/runtime/tree/ParseTreeListener;)V" line="150"><counter type="INSTRUCTION" missed="0" covered="8"/><counter type="BRANCH" missed="1" covered="1"/><counter type="LINE" missed="0" covered="2"/><counter type="COMPLEXITY" missed="1" covered="1"/><counter type="METHOD" missed="0" covered="1"/></method><method name="exitRule" desc="(Lorg/antlr/v4/runtime/tree/ParseTreeListener;)V" line="154"><counter type="INSTRUCTION" missed="0" covered="8"/><counter type="BRANCH" missed="1" covered="1"/><counter type="LINE" missed="0" covered="2"/><counter type="COMPLEXITY" missed="1" covered="1"/><counter type="METHOD" missed="0" covered="1"/></method><counter type="INSTRUCTION" missed="64" covered="21"/><counter type="BRANCH" missed="2" covered="2"/><counter type="LINE" missed="14" covered="6"/><counter type="COMPLEXITY" missed="16" covered="3"/><counter type="METHOD" missed="14" covered="3"/><counter type="CLASS" missed="0" covered="1"/></class><class name="org/jqassistant/plugin/c4/antlr/C4Lexer" sourcefilename="C4Lexer.java"><method name="makeRuleNames" desc="()[Ljava/lang/String;" line="38"><counter type="INSTRUCTION" missed="0" covered="207"/><counter type="LINE" missed="0" covered="1"/><counter type="COMPLEXITY" missed="0" covered="1"/><counter type="METHOD" missed="0" covered="1"/></method><method name="makeLiteralNames" desc="()[Ljava/lang/String;" line="53"><counter type="INSTRUCTION" missed="0" covered="203"/><counter type="LINE" missed="0" covered="1"/><counter type="COMPLEXITY" missed="0" covered="1"/><counter type="METHOD" missed="0" covered="1"/></method><method name="makeSymbolicNames" desc="()[Ljava/lang/String;" line="64"><counter type="INSTRUCTION" missed="0" covered="211"/><counter type="LINE" missed="0" covered="1"/><counter type="COMPLEXITY" missed="0" covered="1"/><counter type="METHOD" missed="0" covered="1"/></method><method name="getTokenNames" desc="()[Ljava/lang/String;" line="101"><counter type="INSTRUCTION" missed="2" covered="0"/><counter type="LINE" missed="1" covered="0"/><counter type="COMPLEXITY" missed="1" covered="0"/><counter type="METHOD" missed="1" covered="0"/></method><method name="getVocabulary" desc="()Lorg/antlr/v4/runtime/Vocabulary;" line="107"><counter type="INSTRUCTION" missed="2" covered="0"/><counter type="LINE" missed="1" covered="0"/><counter type="COMPLEXITY" missed="1" covered="0"/><counter type="METHOD" missed="1" covered="0"/></method><method name="&lt;init&gt;" desc="(Lorg/antlr/v4/runtime/CharStream;)V" line="112"><counter type="INSTRUCTION" missed="0" covered="13"/><counter type="LINE" missed="0" covered="3"/><counter type="COMPLEXITY" missed="0" covered="1"/><counter type="METHOD" missed="0" covered="1"/></method><method name="getGrammarFileName" desc="()Ljava/lang/String;" line="117"><counter type="INSTRUCTION" missed="2" covered="0"/><counter type="LINE" missed="1" covered="0"/><counter type="COMPLEXITY" missed="1" covered="0"/><counter type="METHOD" missed="1" covered="0"/></method><method name="getRuleNames" desc="()[Ljava/lang/String;" line="120"><counter type="INSTRUCTION" missed="2" covered="0"/><counter type="LINE" missed="1" covered="0"/><counter type="COMPLEXITY" missed="1" covered="0"/><counter type="METHOD" missed="1" covered="0"/></method><method name="getSerializedATN" desc="()Ljava/lang/String;" line="123"><counter type="INSTRUCTION" missed="2" covered="0"/><counter type="LINE" missed="1" covered="0"/><counter type="COMPLEXITY" missed="1" covered="0"/><counter type="METHOD" missed="1" covered="0"/></method><method name="getChannelNames" desc="()[Ljava/lang/String;" line="126"><counter type="INSTRUCTION" missed="2" covered="0"/><counter type="LINE" missed="1" covered="0"/><counter type="COMPLEXITY" missed="1" covered="0"/><counter type="METHOD" missed="1" covered="0"/></method><method name="getModeNames" desc="()[Ljava/lang/String;" line="129"><counter type="INSTRUCTION" missed="2" covered="0"/><counter type="LINE" missed="1" covered="0"/><counter type="COMPLEXITY" missed="1" covered="0"/><counter type="METHOD" missed="1" covered="0"/></method><method name="getATN" desc="()Lorg/antlr/v4/runtime/atn/ATN;" line="132"><counter type="INSTRUCTION" missed="2" covered="0"/><counter type="LINE" missed="1" covered="0"/><counter type="COMPLEXITY" missed="1" covered="0"/><counter type="METHOD" missed="1" covered="0"/></method><method name="&lt;clinit&gt;" desc="()V" line="14"><counter type="INSTRUCTION" missed="0" covered="103"/><counter type="BRANCH" missed="0" covered="8"/><counter type="LINE" missed="0" covered="21"/><counter type="COMPLEXITY" missed="0" covered="5"/><counter type="METHOD" missed="0" covered="1"/></method><counter type="INSTRUCTION" missed="16" covered="737"/><counter type="BRANCH" missed="0" covered="8"/><counter type="LINE" missed="8" covered="27"/><counter type="COMPLEXITY" missed="8" covered="9"/><counter type="METHOD" missed="8" covered="5"/><counter type="CLASS" missed="0" covered="1"/></class><class name="org/jqassistant/plugin/c4/antlr/C4Parser" sourcefilename="C4Parser.java"><method name="makeRuleNames" desc="()[Ljava/lang/String;" line="36"><counter type="INSTRUCTION" missed="0" covered="75"/><counter type="LINE" missed="0" covered="1"/><counter type="COMPLEXITY" missed="0" covered="1"/><co
[...]
pe="INSTRUCTION" missed="0" covered="7"/><counter type="LINE" missed="0" covered="1"/><counter type="COMPLEXITY" missed="0" covered="2"/><counter type="METHOD" missed="0" covered="2"/><counter type="CLASS" missed="0" covered="1"/></class><class name="org/jqassistant/plugin/c4/data/ElementRelation$ElementRelationBuilder" sourcefilename="ElementRelation.java"><method name="&lt;init&gt;" desc="()V" line="20"><counter type="INSTRUCTION" missed="0" covered="3"/><counter type="LINE" missed="0" covered="1"/><counter type="COMPLEXITY" missed="0" covered="1"/><counter type="METHOD" missed="0" covered="1"/></method><method name="from" desc="(Ljava/lang/String;)Lorg/jqassistant/plugin/c4/data/ElementRelation$ElementRelationBuilder;" line="20"><counter type="INSTRUCTION" missed="0" covered="5"/><counter type="LINE" missed="0" covered="1"/><counter type="COMPLEXITY" missed="0" covered="1"/><counter type="METHOD" missed="0" covered="1"/></method><method name="to" desc="(Ljava/lang/String;)Lorg/jqassistant/plugin/c4/data/ElementRelation$ElementRelationBuilder;" line="20"><counter type="INSTRUCTION" missed="0" covered="5"/><counter type="LINE" missed="0" covered="1"/><counter type="COMPLEXITY" missed="0" covered="1"/><counter type="METHOD" missed="0" covered="1"/></method><method name="name" desc="(Ljava/lang/String;)Lorg/jqassistant/plugin/c4/data/ElementRelation$ElementRelationBuilder;" line="20"><counter type="INSTRUCTION" missed="0" covered="5"/><counter type="LINE" missed="0" covered="1"/><counter type="COMPLEXITY" missed="0" covered="1"/><counter type="METHOD" missed="0" covered="1"/></method><method name="description" desc="(Ljava/lang/String;)Lorg/jqassistant/plugin/c4/data/ElementRelation$ElementRelationBuilder;" line="20"><counter type="INSTRUCTION" missed="0" covered="5"/><counter type="LINE" missed="0" covered="1"/><counter type="COMPLEXITY" missed="0" covered="1"/><counter type="METHOD" missed="0" covered="1"/></method><method name="technologies" desc="(Ljava/util/Set;)Lorg/jqassistant/plugin/c4/data/ElementRelation$ElementRelationBuilder;" line="20"><counter type="INSTRUCTION" missed="0" covered="8"/><counter type="LINE" missed="0" covered="1"/><counter type="COMPLEXITY" missed="0" covered="1"/><counter type="METHOD" missed="0" covered="1"/></method><method name="stereotypes" desc="(Ljava/util/Set;)Lorg/jqassistant/plugin/c4/data/ElementRelation$ElementRelationBuilder;" line="20"><counter type="INSTRUCTION" missed="0" covered="8"/><counter type="LINE" missed="0" covered="1"/><counter type="COMPLEXITY" missed="0" covered="1"/><counter type="METHOD" missed="0" covered="1"/></method><method name="properties" desc="(Ljava/util/Map;)Lorg/jqassistant/plugin/c4/data/ElementRelation$ElementRelationBuilder;" line="20"><counter type="INSTRUCTION" missed="0" covered="5"/><counter type="LINE" missed="0" covered="1"/><counter type="COMPLEXITY" missed="0" covered="1"/><counter type="METHOD" missed="0" covered="1"/></method><method name="build" desc="()Lorg/jqassistant/plugin/c4/data/ElementRelation;" line="20"><counter type="INSTRUCTION" missed="0" covered="32"/><counter type="BRANCH" missed="0" covered="4"/><counter type="LINE" missed="0" covered="1"/><counter type="COMPLEXITY" missed="0" covered="3"/><counter type="METHOD" missed="0" covered="1"/></method><method name="toString" desc="()Ljava/lang/String;" line="20"><counter type="INSTRUCTION" missed="16" covered="0"/><counter type="LINE" missed="1" covered="0"/><counter type="COMPLEXITY" missed="1" covered="0"/><counter type="METHOD" missed="1" covered="0"/></method><counter type="INSTRUCTION" missed="16" covered="76"/><counter type="BRANCH" missed="0" covered="4"/><counter type="LINE" missed="0" covered="1"/><counter type="COMPLEXITY" missed="1" covered="11"/><counter type="METHOD" missed="1" covered="9"/><counter type="CLASS" missed="0" covered="1"/></class><class name="org/jqassistant/plugin/c4/data/ElementRelation" sourcefilename="ElementRelation.java"><method name="buildStringRepresentation" desc="(Ljava/lang/String;Ljava/lang/Long;Ljava/lang/String;Ljava/lang/Long;)Ljava/lang/String;" line="38"><counter type="INSTRUCTION" missed="25" covered="66"/><counter type="BRANCH" missed="1" covered="3"/><counter type="LINE" missed="2" covered="6"/><counter type="COMPLEXITY" missed="1" covered="2"/><counter type="METHOD" missed="0" covered="1"/></method><method name="buildNameString" desc="()Ljava/lang/String;" line="52"><counter type="INSTRUCTION" missed="0" covered="4"/><counter type="LINE" missed="0" covered="1"/><counter type="COMPLEXITY" missed="0" covered="1"/><counter type="METHOD" missed="0" covered="1"/></method><method name="buildDescriptionString" desc="()Ljava/lang/String;" line="57"><counter type="INSTRUCTION" missed="4" covered="6"/><counter type="BRANCH" missed="1" covered="1"/><counter type="LINE" missed="1" covered="2"/><counter type="COMPLEXITY" missed="1" covered="1"/><counter type="METHOD" missed="0" covered="1"/></method><method name="buildPropertiesString" desc="()Ljava/lang/String;" line="65"><counter type="INSTRUCTION" missed="0" covered="18"/><counter type="BRANCH" missed="0" covered="2"/><counter type="LINE" missed="0" covered="6"/><counter type="COMPLEXITY" missed="0" covered="2"/><counter type="METHOD" missed="0" covered="1"/></method><method name="buildTechnologiesString" desc="()Ljava/lang/String;" line="76"><counter type="INSTRUCTION" missed="0" covered="17"/><counter type="BRANCH" missed="0" covered="2"/><counter type="LINE" missed="0" covered="3"/><counter type="COMPLEXITY" missed="0" covered="2"/><counter type="METHOD" missed="0" covered="1"/></method><method name="$default$technologies" desc="()Ljava/util/Set;" line="20"><counter type="INSTRUCTION" missed="0" covered="4"/><counter type="LINE" missed="0" covered="1"/><counter type="COMPLEXITY" missed="0" covered="1"/><counter type="METHOD" missed="0" covered="1"/></method><method name="$default$stereotypes" desc="()Ljava/util/Set;" line="20"><counter type="INSTRUCTION" missed="0" covered="4"/><counter type="LINE" missed="0" covered="1"/><counter type="COMPLEXITY" missed="0" covered="1"/><counter type="METHOD" missed="0" covered="1"/></method><method name="&lt;init&gt;" desc="(Ljava/lang/String;Ljava/lang/String;Ljava/lang/String;Ljava/lang/String;Ljava/util/Set;Ljava/util/Set;Ljava/util/Map;)V" line="20"><counter type="INSTRUCTION" missed="0" covered="24"/><counter type="LINE" missed="0" covered="1"/><counter type="COMPLEXITY" missed="0" covered="1"/><counter type="METHOD" missed="0" covered="1"/></method><method name="builder" desc="()Lorg/jqassistant/plugin/c4/data/ElementRelation$ElementRelationBuilder;" line="20"><counter type="INSTRUCTION" missed="0" covered="4"/><counter type="LINE" missed="0" covered="1"/><counter type="COMPLEXITY" missed="0" covered="1"/><counter type="METHOD" missed="0" covered="1"/></method><method name="toBuilder" desc="()Lorg/jqassistant/plugin/c4/data/ElementRelation$ElementRelationBuilder;" line="20"><counter type="INSTRUCTION" missed="0" covered="25"/><counter type="LINE" missed="0" covered="1"/><counter type="COMPLEXITY" missed="0" covered="1"/><counter type="METHOD" missed="0" covered="1"/></method><method name="getFrom" desc="()Ljava/lang/String;" line="24"><counter type="INSTRUCTION" missed="0" covered="3"/><counter type="LINE" missed="0" covered="1"/><counter type="COMPLEXITY" missed="0" covered="1"/><counter type="METHOD" missed="0" covered="1"/></method><method name="getTo" desc="()Ljava/lang/String;" line="26"><counter type="INSTRUCTION" missed="0" covered="3"/><counter type="LINE" missed="0" covered="1"/><counter type="COMPLEXITY" missed="0" covered="1"/><counter type="METHOD" missed="0" covered="1"/></method><method name="lambda$buildTechnologiesString$1" desc="(Ljava/lang/String;)Ljava/lang/String;" line="79"><counter type="INSTRUCTION" missed="0" covered="3"/><counter type="LINE" missed="0" covered="1"/><counter type="COMPLEXITY" missed="0" covered="1"/><counter type="METHOD" missed="0" covered="1"/></method><method name="lambda$buildPropertiesString$0" desc="(Ljava/util/Map$Entry;)Ljava/lang/String;" line="70"><counter type="INSTRUCTION" missed="0" covered="8"/><counter type="LINE" missed="0" covered="1"/><counter type="COMPLEXITY" missed="0" covered="1"/><counter type="METHOD" missed="0" covered="1"/></method><method name="&lt;clinit&gt;" desc="()V" line="21"><counter type="INSTRUCTION" missed="0" covered="4"/><counter type="LINE" missed="0" covered="1"/><counter type="COMPLEXITY" missed="0" covered="1"/><counter type="METHOD" missed="0" covered="1"/></method><counter type="INSTRUCTION" missed="29" covered="193"/><counter type="BRANCH" missed="2" covered="8"/><counter type="LINE" missed="3" covered="22"/><counter type="COMPLEXITY" missed="2" covered="18"/><counter type="METHOD" missed="0" covered="15"/><counter type="CLASS" missed="0" covered="1"/></class><class name="org/jqassistant/plugin/c4/data/C4Diagram" sourcefilename="C4Diagram.java"><method name="&lt;init&gt;" desc="(Ljava/lang/String;Ljava/util/List;Ljava/util/List;)V" line="13"><counter type="INSTRUCTION" missed="0" covered="12"/><counter type="LINE" missed="0" covered="1"/><counter type="COMPLEXITY" missed="0" covered="1"/><counter type="METHOD" missed="0" covered="1"/></method><method name="getName" desc="()Ljava/lang/String;" line="17"><counter type="INSTRUCTION" missed="0" covered="3"/><counter type="LINE" missed="0" covered="1"/><counter type="COMPLEXITY" missed="0" covered="1"/><counter type="METHOD" missed="0" covered="1"/></method><method name="getElements" desc="()Ljava/util/List;" line="18"><counter type="INSTRUCTION" missed="0" covered="3"/><counter type="LINE" missed="0" covered="1"/><counter type="COMPLEXITY" missed="0" covered="1"/><counter type="METHOD" missed="0" covered="1"/></method><method name="getRelations" desc="()Ljava/util/List;" line="19"><counter type="INSTRUCTION" missed="0" covered="3"/><counter type="LINE" missed="0" covered="1"/><counter type="COMPLEXITY" missed="0" covered="1"/><counter type="METHOD" missed="0" covered="1"/></method><counter type="INSTRUCTION" missed="0" covered="21"/><counter type="LINE" missed="0" covered="4"/><counter type="COMPLEXITY" missed="0" covered="4"/><counter type="METHOD" missed="0" covered="4"/><counter type="CLASS" missed="0" covered="1"/></class><class name="org/jqassistant/plugin/c4/data/System$SystemBuilder" sourcefilename="System.java"><method name="&lt;init&gt;" desc="()V" line="10"><counter type="INSTRUCTION" missed="0" covered="3"/><counter type="LINE" missed="0" covered="1"/><counter type="COMPLEXITY" missed="0" covered="1"/><counter type="METHOD" missed="0" covered="1"/></method><method name="toString" desc="()Ljava/lang/String;" line="10"><counter type="INSTRUCTION" missed="4" covered="0"/><counter type="LINE" missed="1" covered="0"/><counter type="COMPLEXITY" missed="1" covered="0"/><counter type="METHOD" missed="1" covered="0"/></method><counter type="INSTRUCTION" missed="4" covered="3"/><counter type="LINE" missed="0" covered="1"/><counter type="COMPLEXITY" missed="1" covered="1"/><counter type="METHOD" missed="1" covered="1"/><counter type="CLASS" missed="0" covered="1"/></class><sourcefile name="Boundary.java"><line nr="13" mi="6" ci="28" mb="0" cb="0"/><line nr="20" mi="0" ci="20" mb="0" cb="0"/><line nr="25" mi="0" ci="4" mb="0" cb="0"/><line nr="26" mi="0" ci="4" mb="0" cb="0"/><line nr="27" mi="0" ci="3" mb="1" cb="1"/><line nr="28" mi="0" ci="5" mb="0" cb="0"/><line nr="30" mi="0" ci="2" mb="0" cb="0"/><counter type="INSTRUCTION" missed="6" covered="66"/><counter type="BRANCH" missed="1" covered="1"/><counter type="LINE" missed="0" covered="7"/><counter type="COMPLEXITY" missed="2" covered="8"/><counter type="METHOD" missed="1" covered="8"/><counter type="CLASS" missed="0" covered="3"/></sourcefile><sourcefile name="SecondaryElementType.java"><line nr="13" mi="0" ci="24" mb="0" cb="0"/><line nr="17" mi="0" ci="7" mb="0" cb="0"/><line nr="18" mi="0" ci="8" mb="0" cb="0"/><line nr="19" mi="0" ci="8" mb="0" cb="0"/><line nr="21" mi="0" ci="3" mb="0" cb="0"/><counter type="INSTRUCTION" missed="0" covered="50"/><counter type="LINE" missed="0" covered="5"/><counter type="COMPLEXITY" missed="0" covered="3"/><counter type="METHOD" missed="0" covered="3"/><counter type="CLASS" missed="0" covered="1"/></sourcefile><sourcefile name="Container.java"><line nr="10" mi="4" ci="18" mb="0" cb="0"/><line nr="15" mi="0" ci="2" mb="0" cb="0"/><counter type="INSTRUCTION" missed="4" covered="20"/><counter type="LINE" missed="0" covered="2"/><counter type="COMPLEXITY" missed="1" covered="6"/><counter type="METHOD" missed="1" covered="6"/><counter type="CLASS" missed="0" covered="3"/></sourcefile><sourcefile name="Person.java"><line nr="10" mi="4" ci="18" mb="0" cb="0"/><line nr="15" mi="0" ci="2" mb="0" cb="0"/><counter type="INSTRUCTION" missed="4" covered="20"/><counter type="LINE" missed="0" covered="2"/><counter type="COMPLEXITY" missed="1" covered="6"/><counter type="METHOD" missed="1" covered="6"/><counter type="CLASS" missed="0" covered="3"/></sourcefile><sourcefile name="System.java"><line nr="10" mi="4" ci="18" mb="0" cb="0"/><line nr="15" mi="0" ci="2" mb="0" cb="0"/><counter type="INSTRUCTION" missed="4" covered="20"/><counter type="LINE" missed="0" covered="2"/><counter type="COMPLEXITY" missed="1" covered="6"/><counter type="METHOD" missed="1" covered="6"/><counter type="CLASS" missed="0" covered="3"/></sourcefile><sourcefile name="Component.java"><line nr="10" mi="4" ci="18" mb="0" cb="0"/><line nr="15" mi="0" ci="2" mb="0" cb="0"/><counter type="INSTRUCTION" missed="4" covered="20"/><counter type="LINE" missed="0" covered="2"/><counter type="COMPLEXITY" missed="1" covered="6"/><counter type="METHOD" missed="1" covered="6"/><counter type="CLASS" missed="0" covered="3"/></sourcefile><sourcefile name="ElementRelation.java"><line nr="20" mi="16" ci="137" mb="0" cb="4"/><line nr="21" mi="0" ci="4" mb="0" cb="0"/><line nr="24" mi="0" ci="3" mb="0" cb="0"/><line nr="26" mi="0" ci="3" mb="0" cb="0"/><line nr="38" mi="0" ci="5" mb="1" cb="1"/><line nr="39" mi="7" ci="0" mb="0" cb="0"/><line nr="40" mi="18" ci="0" mb="0" cb="0"/><line nr="41" mi="0" ci="5" mb="0" cb="2"/><line nr="42" mi="0" ci="8" mb="0" cb="0"/><line nr="44" mi="0" ci="2" mb="0" cb="0"/><line nr="45" mi="0" ci="17" mb="0" cb="0"/><line nr="48" mi="0" ci="29" mb="0" cb="0"/><line nr="52" mi="0" ci="4" mb="0" cb="0"/><line nr="57" mi="0" ci="4" mb="1" cb="1"/><line nr="58" mi="0" ci="2" mb="0" cb="0"/><line nr="60" mi="4" ci="0" mb="0" cb="0"/><line nr="65" mi="0" ci="4" mb="0" cb="2"/><line nr="66" mi="0" ci="2" mb="0" cb="0"/><line nr="68" mi="0" ci="4" mb="0" cb="0"/><line nr="69" mi="0" ci="2" mb="0" cb="0"/><line nr="70" mi="0" ci="10" mb="0" cb="0"/><line nr="71" mi="0" ci="4" mb="0" cb="0"/><line nr="76" mi="0" ci="4" mb="0" cb="2"/><line nr="77" mi="0" ci="2" mb="0" cb="0"/><line nr="79" mi="0" ci="14" mb="0" cb="0"/><counter type="INSTRUCTION" missed="45" covered="269"/><counter type="BRANCH" missed="2" covered="12"/><counter type="LINE" missed="3" covered="22"/><counter type="COMPLEXITY" missed="3" covered="29"/><counter type="METHOD" missed="1" covered="24"/><counter type="CLASS" missed="0" covered="2"/></sourcefile><sourcefile name="AbstractBuildingBlock.java"><line nr="19" mi="14" ci="71" mb="0" cb="2"/><line nr="31" mi="0" ci="8" mb="0" cb="0"/><line nr="32" mi="0" ci="32" mb="0" cb="0"/><line nr="36" mi="0" ci="4" mb="0" cb="2"/><line nr="37" mi="0" ci="4" mb="0" cb="0"/><line nr="39" mi="0" ci="2" mb="0" cb="0"/><line nr="44" mi="0" ci="4" mb="0" cb="0"/><line nr="48" mi="0" ci="7" mb="1" cb="3"/><line nr="49" mi="0" ci="4" mb="0" cb="0"/><line nr="50" mi="0" ci="2" mb="0" cb="0"/><line nr="51" mi="0" ci="13" mb="0" cb="0"/><line nr="52" mi="0" ci="4" mb="0" cb="0"/><line nr="54" mi="0" ci="2" mb="0" cb="0"/><line nr="59" mi="0" ci="4" mb="0" cb="2"/><line nr="60" mi="0" ci="14" mb="0" cb="0"/><line nr="63" mi="0" ci="2" mb="0" cb="0"/><line nr="69" mi="0" ci="4" mb="0" cb="0"/><line nr="70" mi="0" ci="5" mb="0" cb="0"/><line nr="71" mi="0" ci="3" mb="0" cb="2"/><line nr="72" mi="0" ci="9" mb="0" cb="0"/><line nr="74" mi="0" ci="2" mb="0" cb="0"/><counter type="INSTRUCTION" missed="14" covered="200"/><counter type="BRANCH" missed="1" covered="11"/><counter type="LINE" missed="0" covered="21"/><counter type="COMPLEXITY" missed="2" covered="21"/><counter type="METHOD" missed="1" covered="16"/><counter type="CLASS" missed="0" covered="2"/></sourcefile><sourcefile name="AbstractElement.java"><line nr="16" mi="10" ci="60" mb="0" cb="2"/><line nr="19" mi="0" ci="3" mb="0" cb="0"/><line nr="21" mi="3" ci="0" mb="0" cb="0"/><line nr="25" mi="0" ci="3" mb="0" cb="0"/><line nr="36" mi="0" ci="4" mb="0" cb="0"/><line nr="40" mi="0" ci="4" mb="0" cb="0"/><line nr="44" mi="0" ci="4" mb="0" cb="0"/><line nr="45" mi="0" ci="4" mb="0" cb="0"/><line nr="46" mi="0" ci="5" mb="0" cb="0"/><line nr="47" mi="0" ci="5" mb="0" cb="0"/><line nr="48" mi="0" ci="5" mb="0" cb="0"/><counter type="INSTRUCTION" missed="13" covered="97"/><counter type="BRANCH" missed="0" covered="2"/><counter type="LINE" missed="1" covered="10"/><counter type="COMPLEXITY" missed="2" covered="13"/><counter type="METHOD" missed="2" covered="12"/><counter type="CLASS" missed="0" covered="2"/></sourcefile><sourcefile name="C4Diagram.java"><line nr="13" mi="0" ci="12" mb="0" cb="0"/><line nr="17" mi="0" ci="3" mb="0" cb="0"/><line nr="18" mi="0" ci="3" mb="0" cb="0"/><line nr="19" mi="0" ci="3" mb="0" cb="0"/><counter type="INSTRUCTION" missed="0" covered="21"/><counter type="LINE" missed="0" covered="4"/><counter type="COMPLEXITY" missed="0" covered="4"/><counter type="METHOD" missed="0" covered="4"/><counter type="CLASS" missed="0" covered="1"/></sourcefile><counter type="INSTRUCTION" missed="94" covered="783"/><counter type="BRANCH" missed="4" covered="26"/><counter type="LINE" missed="4" covered="77"/><counter type="COMPLEXITY" missed="13" covered="102"/><counter type="METHOD" missed="9" covered="91"/><counter type="CLASS" missed="0" covered="23"/></package><package name="org/jqassistant/plugin/c4/model"><class name="org/jqassistant/plugin/c4/model/ComponentDescriptor" sourcefilename="ComponentDescriptor.java"/><class name="org/jqassistant/plugin/c4/model/C4DiagramDescriptor" sourcefilename="C4DiagramDescriptor.java"/><class name="org/jqassistant/plugin/c4/model/ContainerDescriptor" sourcefilename="ContainerDescriptor.java"/><class name="org/jqassistant/plugin/c4/model/BoundaryDescriptor" sourcefilename="BoundaryDescriptor.java"/><class name="org/jqassistant/plugin/c4/model/PersonDescriptor" sourcefilename="PersonDescriptor.java"/><class name="org/jqassistant/plugin/c4/model/C4Descriptor" sourcefilename="C4Descriptor.java"/><class name="org/jqassistant/plugin/c4/model/ElementDescriptor" sourcefilename="ElementDescriptor.java"/><class name="org/jqassistant/plugin/c4/model/C4FileDescriptor" sourcefilename="C4FileDescriptor.java"/><class name="org/jqassistant/plugin/c4/model/BuildingBlockDescriptor" sourcefilename="BuildingBlockDescriptor.java"/><class name="org/jqassistant/plugin/c4/model/SystemDescriptor" sourcefilename="SystemDescriptor.java"/><sourcefile name="C4FileDescriptor.java"/><sourcefile name="ComponentDescriptor.java"/><sourcefile name="C4DiagramDescriptor.java"/><sourcefile name="ContainerDescriptor.java"/><sourcefile name="BoundaryDescriptor.java"/><sourcefile name="BuildingBlockDescriptor.java"/><sourcefile name="ElementDescriptor.java"/><sourcefile name="C4Descriptor.java"/><sourcefile name="PersonDescriptor.java"/><sourcefile name="SystemDescriptor.java"/></package><counter type="INSTRUCTION" missed="1335" covered="6382"/><counter type="BRANCH" missed="176" covered="332"/><counter type="LINE" missed="311" covered="1163"/><counter type="COMPLEXITY" missed="318" covered="370"/><counter type="METHOD" missed="156" covered="265"/><counter type="CLASS" missed="0" covered="55"/></report>